Info: [VCS_SAVE_RESTORE_INFO] ASLR (Address Space Layout Randomization) is detected on the machine. To enable $save functionality, ASLR will be switched off and simv re-executed.
Please use '-no_save' simv switch to avoid re-execution or '-suppress=ASLR_DETECTED_INFO' to suppress this message.
Chronologic VCS simulator copyright 1991-2023
Contains Synopsys proprietary information.
Compiler version U-2023.03-SP2-1_Full64; Runtime version U-2023.03-SP2-1_Full64;  May  7 00:14 2024
Loading memory file: programs/alexnet.mem
Using writeback output file: output/alexnet.wb
@@
@@
@@                     0  Asserting System reset......
@@
@@                     0 : System STILL at reset, can't show anything
@@
@@
@@                   300 : System STILL at reset, can't show anything
@@
@@
@@                   600 : System STILL at reset, can't show anything
@@
@@
@@                   900 : System STILL at reset, can't show anything
@@
@@                  1060  Deasserting System reset......
@@
@@
clock cycle =      32050
@@@ Unified Memory contents hex on left, decimal on right: 
@@@
@@@ mem[    0] = 0000009700000013 : 648540061715
@@@ mem[    8] = 0001011708c08093 : 282673419419795
@@@ mem[   16] = 00010413ff410113 : 285958910050579
@@@ mem[   24] = fc81819300002197 : 18194966437913698711
@@@ mem[   32] = 0000029300000213 : 2830383448595
@@@ mem[   40] = 0000039300000313 : 3929895076627
@@@ mem[   48] = 0000051300000493 : 5579162518675
@@@ mem[   56] = 0000061300000593 : 6678674146707
@@@ mem[   64] = 0000071300000693 : 7778185774739
@@@ mem[   72] = 0000081300000793 : 8877697402771
@@@ mem[   80] = 0000091300000893 : 9977209030803
@@@ mem[   88] = 00000a1300000993 : 11076720658835
@@@ mem[   96] = 00000b1300000a93 : 12176232286867
@@@ mem[  104] = 00000c1300000b93 : 13275743914899
@@@ mem[  112] = 00000d1300000c93 : 14375255542931
@@@ mem[  120] = 00000e1300000d93 : 15474767170963
@@@ mem[  128] = 00000f1300000e93 : 16574278798995
@@@ mem[  136] = 3f40106f00000f93 : 4557660891826360211
@@@ mem[  144] = f701011300010117 : 17798508383460983063
@@@ mem[  152] = 00000013fea12c23 : 85876354083
@@@ mem[  160] = 0000001310500073 : 81878057075
@@@ mem[  168] = 0000001300000013 : 81604378643
@@@ mem[  176] = 02112623fd010113 : 148942198690349331
@@@ mem[  184] = 0301041302812423 : 216458736783402019
@@@ mem[  192] = fdc42703fca42e23 : 18285783285108059683
@@@ mem[  200] = 83878793000027b7 : 9477693006254450615
@@@ mem[  208] = 000067b700f76a63 : 114035692890723
@@@ mem[  216] = fdc4270383878793 : 18285783283076138899
@@@ mem[  224] = 0010051300e7f863 : 4509178805090403
@@@ mem[  232] = fa8080e700000097 : 18050569036126748823
@@@ mem[  240] = ff878793fdc42783 : 18412834671214995331
@@@ mem[  248] = 000067b7fef42423 : 114039954088995
@@@ mem[  256] = fef426238407a783 : 18371350713931900803
@@@ mem[  264] = fec4278303c0006f : 18357841424726098031
@@@ mem[  272] = fec427030007a783 : 18357840874907871107
@@@ mem[  280] = fe84270302f76063 : 18339826476447653987
@@@ mem[  288] = 02e7ee63fec42783 : 209398020939458435
@@@ mem[  296] = 0007a783fec42783 : 2154510193796995
@@@ mem[  304] = 02f76663fe842703 : 213752086981256963
@@@ mem[  312] = 0007a783fec42783 : 2154510193796995
@@@ mem[  320] = fe842703fef42623 : 18339826480675300899
@@@ mem[  328] = fce7f0e3fec42783 : 18223799279200511875
@@@ mem[  336] = 0007a783fec42783 : 2154510193796995
@@@ mem[  344] = faf778e3fe842703 : 18084055749352498947
@@@ mem[  352] = 0047a783fe842783 : 20168908699084675
@@@ mem[  360] = fe84270300379793 : 18339826476401530771
@@@ mem[  368] = fec4278300f70733 : 18357841424679372595
@@@ mem[  376] = 02f71e630007a783 : 213672917874485123
@@@ mem[  384] = 0047a703fe842783 : 20168358943270787
@@@ mem[  392] = 0007a783fec42783 : 2154510193796995
@@@ mem[  400] = 00f707330047a783 : 69532234876954499
@@@ mem[  408] = 00e7a223fe842783 : 65198995097790339
@@@ mem[  416] = 0007a783fec42783 : 2154510193796995
@@@ mem[  424] = fe8427830007a703 : 18339827026154202883
@@@ mem[  432] = 0140006f00e7a023 : 90072469303959587
@@@ mem[  440] = 0007a703fec42783 : 2153960437983107
@@@ mem[  448] = 00e7a023fe842783 : 65196796074534787
@@@ mem[  456] = 0047a783fec42783 : 20168908703278979
@@@ mem[  464] = fec4270300379793 : 18357840874911012755
@@@ mem[  472] = fe84270300f707b3 : 18339826476414076851
@@@ mem[  480] = fec4278302f71a63 : 18357841424712931939
@@@ mem[  488] = fe8427830047a703 : 18339827026158397187
@@@ mem[  496] = 00f707330047a783 : 69532234876954499
@@@ mem[  504] = 00e7a223fec42783 : 65198995101984643
@@@ mem[  512] = 0007a703fe842783 : 2153960433788803
@@@ mem[  520] = 00e7a023fec42783 : 65196796078729091
@@@ mem[  528] = fec427830100006f : 18357841424679960687
@@@ mem[  536] = 00e7a023fe842703 : 65196796074534659
@@@ mem[  544] = fec42703000067b7 : 18357840874907396023
@@@ mem[  552] = 0000001384e7a023 : 83834150947
@@@ mem[  560] = 0281240302c12083 : 180465055421243523
@@@ mem[  568] = 0000806703010113 : 141179920384275
@@@ mem[  576] = 02112623fd010113 : 148942198690349331
@@@ mem[  584] = 0301041302812423 : 216458736783402019
@@@ mem[  592] = 000027b7fca42e23 : 43671171116579
@@@ mem[  600] = fdc427038047a783 : 18285783283021621123
@@@ mem[  608] = 0000079300e7f663 : 8327956788835
@@@ mem[  616] = 000027b70700006f : 43667049939055
@@@ mem[  624] = fef426238007a783 : 18371350713864791939
@@@ mem[  632] = 8007a703000027b7 : 9225525993018501047
@@@ mem[  640] = 00f70733fdc42783 : 69532239129749379
@@@ mem[  648] = 80e7a023000027b7 : 9288568828659247031
@@@ mem[  656] = 8047a703000027b7 : 9243540391527983031
@@@ mem[  664] = 40f70733fdc42783 : 4681218257557137283
@@@ mem[  672] = 80e7a223000027b7 : 9288571027682502583
@@@ mem[  680] = ff878713fdc42783 : 18412834121459181443
@@@ mem[  688] = 00e7a223fec42783 : 65198995101984643
@@@ mem[  696] = 00878793fec42783 : 38148191560148867
@@@ mem[  704] = fec42503fef42623 : 18357838680161527331
@@@ mem[  712] = de8080e700000097 : 16032956403064766615
@@@ mem[  720] = 8407a783000067b7 : 9513756918926043063
@@@ mem[  728] = 02c1208300078513 : 198475605594309907
@@@ mem[  736] = 0301011302812403 : 216455438248518659
@@@ mem[  744] = fd01011300008067 : 18230853947688517735
@@@ mem[  752] = 0281242302112623 : 180465192848664099
@@@ mem[  760] = fca42e2303010413 : 18204726321647518739
@@@ mem[  768] = 000047b7fdc42703 : 78855562077955
@@@ mem[  776] = 0000079300e7f663 : 8327956788835
@@@ mem[  784] = fdc4278315c0006f : 18285783830990159983
@@@ mem[  792] = 00078a630037f793 : 2122482647037843
@@@ mem[  800] = ffc7f793fdc42783 : 18430972215026788227
@@@ mem[  808] = fcf42e2300478793 : 18227244319738660755
@@@ mem[  816] = 00878793fdc42783 : 38148191543371651
@@@ mem[  824] = 000067b7fef42223 : 114039954088483
@@@ mem[  832] = fef424238407a783 : 18371348514908645251
@@@ mem[  840] = 02079e63fe842783 : 146259665221855107
@@@ mem[  848] = 83878793000067b7 : 9477693006254466999
@@@ mem[  856] = 000067b7fef42423 : 114039954088995
@@@ mem[  864] = 84e7a023fe842703 : 9576799209081022211
@@@ mem[  872] = 8407a703000067b7 : 9513756369170229175
@@@ mem[  880] = 83878793000067b7 : 9477693006254466999
@@@ mem[  888] = 000067b700e7a023 : 114035691855907
@@@ mem[  896] = 0007a22383878793 : 2148598251227027
@@@ mem[  904] = 0007a783fe842783 : 2154510189602691
@@@ mem[  912] = fec42783fef42623 : 18357841428940596771
@@@ mem[  920] = fdc427030047a783 : 18285783280874137475
@@@ mem[  928] = fec4278308e7e263 : 18357841424812597859
@@@ mem[  936] = fdc427030047a783 : 18285783280874137475
@@@ mem[  944] = fec4278300f71c63 : 18357841424679378019
@@@ mem[  952] = fe8427830007a703 : 18339827026154202883
@@@ mem[  960] = 0400006f00e7a023 : 288230852908261411
@@@ mem[  968] = 0047a703fec42783 : 20168358947465091
@@@ mem[  976] = 40f70733fe442783 : 4681218257565525891
@@@ mem[  984] = 00e7a223fec42783 : 65198995101984643
@@@ mem[  992] = 0047a783fec42783 : 20168908703278979
@@@ mem[ 1000] = fec4270300379793 : 18357840874911012755
@@@ mem[ 1008] = fef4262300f707b3 : 18371350711732996019
@@@ mem[ 1016] = fdc42703fec42783 : 18285783285143709571
@@@ mem[ 1024] = 000067b700e7a223 : 114035691856419
@@@ mem[ 1032] = 84e7a023fe842703 : 9576799209081022211
@@@ mem[ 1040] = 00878793fec42783 : 38148191560148867
@@@ mem[ 1048] = fec42783fef42623 : 18357841428940596771
@@@ mem[ 1056] = 000067b704c0006f : 114035756367983
@@@ mem[ 1064] = fec427038407a783 : 18357840877122463619
@@@ mem[ 1072] = fe44250302f71263 : 18321809878914896483
@@@ mem[ 1080] = e08080e700000097 : 16177071591140622487
@@@ mem[ 1088] = fec42783fea42623 : 18357841428935353891
@@@ mem[ 1096] = 0000079300079663 : 8327942084195
@@@ mem[ 1104] = fec4278301c0006f : 18357841424692543599
@@@ mem[ 1112] = fec42783fef42423 : 18357841428940596259
@@@ mem[ 1120] = fef426230007a783 : 18371350711717308291
@@@ mem[ 1128] = 00078513f2dff06f : 2116645562609775
@@@ mem[ 1136] = 0281240302c12083 : 180465055421243523
@@@ mem[ 1144] = 0000806703010113 : 141179920384275
@@@ mem[ 1152] = 02112623fd010113 : 148942198690349331
@@@ mem[ 1160] = 0301041302812423 : 216458736783402019
@@@ mem[ 1168] = fdc42503fca42e23 : 18285781086084804131
@@@ mem[ 1176] = e54080e700000097 : 16519345162820780183
@@@ mem[ 1184] = fdc42603fea42623 : 18285782185629984291
@@@ mem[ 1192] = fec4250300000593 : 18357838675884115347
@@@ mem[ 1200] = 228080e700001097 : 2486128723934318743
@@@ mem[ 1208] = 00078513fec42783 : 2116645762115459
@@@ mem[ 1216] = 0281240302c12083 : 180465055421243523
@@@ mem[ 1224] = 0000806703010113 : 141179920384275
@@@ mem[ 1232] = 00812e23fe010113 : 36361004115886355
@@@ mem[ 1240] = 000027b702010413 : 43666966119443
@@@ mem[ 1248] = 0017f7938087a783 : 6746137352972163
@@@ mem[ 1256] = 000027b7fef42623 : 43671209911843
@@@ mem[ 1264] = 0017d7138087a783 : 6710403225069443
@@@ mem[ 1272] = 80e7a423000027b7 : 9288573226705758135
@@@ mem[ 1280] = 00100793fec42703 : 4511931843225347
@@@ mem[ 1288] = 000027b702f71063 : 43666982244451
@@@ mem[ 1296] = 0000b7b78087a703 : 201998763271939
@@@ mem[ 1304] = 00f7473340078793 : 69602604690671507
@@@ mem[ 1312] = 80e7a423000027b7 : 9288573226705758135
@@@ mem[ 1320] = 8087a783000027b7 : 9261555339793278903
@@@ mem[ 1328] = 01c1240300078513 : 126421859847079187
@@@ mem[ 1336] = 0000806702010113 : 141179903607059
@@@ mem[ 1344] = 00812e23fe010113 : 36361004115886355
@@@ mem[ 1352] = fea4262302010413 : 18348832713613575187
@@@ mem[ 1360] = 0007d663fec42783 : 2206049801348995
@@@ mem[ 1368] = 0080006f00000793 : 36029273760335763
@@@ mem[ 1376] = 00078513fec42783 : 2116645762115459
@@@ mem[ 1384] = 0201011301c12403 : 144397844198007811
@@@ mem[ 1392] = fc01011300008067 : 18158796353650589799
@@@ mem[ 1400] = 02812c2302112e23 : 180473988941688355
@@@ mem[ 1408] = 0401041302912a23 : 288516330822380067
@@@ mem[ 1416] = fcb42c23fca42e23 : 18209227726439853603
@@@ mem[ 1424] = fcd42823fcc42a23 : 18218230527650179619
@@@ mem[ 1432] = fcf42423fce42623 : 18227233328860505635
@@@ mem[ 1440] = fe042623fd042223 : 18303796721551155747
@@@ mem[ 1448] = fec4278315c0006f : 18357841425028087919
@@@ mem[ 1456] = fd84270300279793 : 18267768882362554259
@@@ mem[ 1464] = fec4278300f70733 : 18357841424679372595
@@@ mem[ 1472] = fd04268300279793 : 18231739535587776403
@@@ mem[ 1480] = 0007270300f687b3 : 2013218691516339
@@@ mem[ 1488] = fe04242300e7a023 : 18303794518298173475
@@@ mem[ 1496] = fec427830840006f : 18357841424801595503
@@@ mem[ 1504] = fd04270300279793 : 18231740085343590291
@@@ mem[ 1512] = 0007a68300f707b3 : 2153406424090547
@@@ mem[ 1520] = 00070793fec42703 : 1978657052829443
@@@ mem[ 1528] = 00e787b300279793 : 65169922491651987
@@@ mem[ 1536] = 0007871300279793 : 2118840513697683
@@@ mem[ 1544] = 00e78733fdc42783 : 65169376990734211
@@@ mem[ 1552] = 00279793fe842783 : 11144185977776003
@@@ mem[ 1560] = 0007a70300f707b3 : 2153956179904435
@@@ mem[ 1568] = 00279793fe842783 : 11144185977776003
@@@ mem[ 1576] = 00f607b3fd442603 : 69251313900463619
@@@ mem[ 1584] = 02f707330007a783 : 213647422948616067
@@@ mem[ 1592] = 00279793fec42783 : 11144185981970307
@@@ mem[ 1600] = 00f607b3fd042603 : 69251313896269315
@@@ mem[ 1608] = 00e7a02300e68733 : 65196791819568947
@@@ mem[ 1616] = 00178793fe842783 : 6622994164361091
@@@ mem[ 1624] = fe842703fef42423 : 18339826480675300387
@@@ mem[ 1632] = f6f74ce3fcc42783 : 17795776994659805059
@@@ mem[ 1640] = 00078a63fc442783 : 2122486875694979
@@@ mem[ 1648] = 00100793fc442703 : 4511931801282307
@@@ mem[ 1656] = 07c0006f04f70263 : 558446830618608227
@@@ mem[ 1664] = 00279793fec42783 : 11144185981970307
@@@ mem[ 1672] = 00f707b3fd042703 : 69532788872980227
@@@ mem[ 1680] = fec427830007a683 : 18357841424663684739
@@@ mem[ 1688] = fd04270300279793 : 18231740085343590291
@@@ mem[ 1696] = 0006851300f704b3 : 1835166527325363
@@@ mem[ 1704] = e98080e700000097 : 16825589937481973911
@@@ mem[ 1712] = 00f4a02300050793 : 68855966502029203
@@@ mem[ 1720] = fec427830400006f : 18357841424730292335
@@@ mem[ 1728] = fd04270300279793 : 18231740085343590291
@@@ mem[ 1736] = 0007a68300f707b3 : 2153406424090547
@@@ mem[ 1744] = 00279793fec42783 : 11144185981970307
@@@ mem[ 1752] = 00f704b3fd042703 : 69529490338096899
@@@ mem[ 1760] = 0000009700068513 : 648540488979
@@@ mem[ 1768] = 00050793e5c080e7 : 1415706679738599
@@@ mem[ 1776] = 0000001300f4a023 : 81620410403
@@@ mem[ 1784] = 00178793fec42783 : 6622994168555395
@@@ mem[ 1792] = fec42703fef42623 : 18357840879184782883
@@@ mem[ 1800] = eaf740e3fc842783 : 16931072672060942211
@@@ mem[ 1808] = 0000001300000013 : 81604378643
@@@ mem[ 1816] = 0381240303c12083 : 252522649475948675
@@@ mem[ 1824] = 0401011303412483 : 288513032299029635
@@@ mem[ 1832] = fd01011300008067 : 18230853947688517735
@@@ mem[ 1840] = 0281242302112623 : 180465192848664099
@@@ mem[ 1848] = fca42e2303010413 : 18204726321647518739
@@@ mem[ 1856] = fe042623fcb42c23 : 18303796721545915427
@@@ mem[ 1864] = 000000970380006f : 648598782063
@@@ mem[ 1872] = 00050793d84080e7 : 1415706453246183
@@@ mem[ 1880] = fec4278300f7f713 : 18357841424679434003
@@@ mem[ 1888] = fdc4268300279793 : 18285782731116222355
@@@ mem[ 1896] = ffb7071300f687b3 : 18426204178611603379
@@@ mem[ 1904] = fec4278300e7a023 : 18357841424678363171
@@@ mem[ 1912] = fef4262300178793 : 18371350711718348691
@@@ mem[ 1920] = fd842783fec42703 : 18267769436390041347
@@@ mem[ 1928] = 00000013fcf742e3 : 85848441571
@@@ mem[ 1936] = 02c1208300000013 : 198475605593817107
@@@ mem[ 1944] = 0301011302812403 : 216455438248518659
@@@ mem[ 1952] = fd01011300008067 : 18230853947688517735
@@@ mem[ 1960] = 0281242302112623 : 180465192848664099
@@@ mem[ 1968] = fca42e2303010413 : 18204726321647518739
@@@ mem[ 1976] = fcc42a23fcb42c23 : 18213729127045016611
@@@ mem[ 1984] = fe042623fcd42823 : 18303796721548011555
@@@ mem[ 1992] = 0000009709c0006f : 648703639663
@@@ mem[ 2000] = 00050793d04080e7 : 1415706319028455
@@@ mem[ 2008] = fec4278300f7f713 : 18357841424679434003
@@@ mem[ 2016] = fd84268300279793 : 18267768332606740371
@@@ mem[ 2024] = ffb7071300f687b3 : 18426204178611603379
@@@ mem[ 2032] = fe04242300e7a023 : 18303794518298173475
@@@ mem[ 2040] = 000000970540006f : 648628142191
@@@ mem[ 2048] = 00050793cd4080e7 : 1415706268696807
@@@ mem[ 2056] = fec4270300f7f613 : 18357840874923619859
@@@ mem[ 2064] = 0027979300070793 : 11144181708162963
@@@ mem[ 2072] = 0027979300e787b3 : 11144181722875827
@@@ mem[ 2080] = fdc4278300078713 : 18285783830625748755
@@@ mem[ 2088] = ffb6071300e786b3 : 18425922703633909427
@@@ mem[ 2096] = 00279793fe842783 : 11144185977776003
@@@ mem[ 2104] = 00e7a02300f687b3 : 65196791820617651
@@@ mem[ 2112] = 00178793fe842783 : 6622994164361091
@@@ mem[ 2120] = fe842703fef42423 : 18339826480675300387
@@@ mem[ 2128] = faf744e3fd442783 : 18083998574726883203
@@@ mem[ 2136] = 00178793fec42783 : 6622994168555395
@@@ mem[ 2144] = fec42703fef42623 : 18357840879184782883
@@@ mem[ 2152] = f6f740e3fd042783 : 17795763800524466051
@@@ mem[ 2160] = 0000001300000013 : 81604378643
@@@ mem[ 2168] = 0281240302c12083 : 180465055421243523
@@@ mem[ 2176] = 0000806703010113 : 141179920384275
@@@ mem[ 2184] = 02812623fd010113 : 180467396081942803
@@@ mem[ 2192] = fca42e2303010413 : 18204726321647518739
@@@ mem[ 2200] = fe042423fcb42c23 : 18303794522522659875
@@@ mem[ 2208] = fef4262300100793 : 18371350711717857171
@@@ mem[ 2216] = fe8427830440006f : 18339827026225004655
@@@ mem[ 2224] = fdc4270300279793 : 18285783280872036243
@@@ mem[ 2232] = 0007a70300f707b3 : 2153956179904435
@@@ mem[ 2240] = 00279793fec42783 : 11144185981970307
@@@ mem[ 2248] = 00f687b3fdc42683 : 69392051397207683
@@@ mem[ 2256] = 00f756630007a783 : 69619302449784707
@@@ mem[ 2264] = fef42423fec42783 : 18371348516967819139
@@@ mem[ 2272] = 00178793fec42783 : 6622994168555395
@@@ mem[ 2280] = fec42703fef42623 : 18357840879184782883
@@@ mem[ 2288] = faf74ce3fd842783 : 18084007370824099715
@@@ mem[ 2296] = 00078513fe842783 : 2116645757921155
@@@ mem[ 2304] = 0301011302c12403 : 216455438252712963
@@@ mem[ 2312] = fb01011300008067 : 18086738759612661863
@@@ mem[ 2320] = 0481242304112623 : 324580380958074403
@@@ mem[ 2328] = 0501041304912223 : 360573924893860387
@@@ mem[ 2336] = fcb42423fca42623 : 18209218930346829347
@@@ mem[ 2344] = fcd42023fcc42223 : 18218221731557155363
@@@ mem[ 2352] = faf42c23fae42e23 : 18083126936844119587
@@@ mem[ 2360] = fb142823fb042a23 : 18092129738054445603
@@@ mem[ 2368] = 0017971300442783 : 6640032328984451
@@@ mem[ 2376] = 00f70733fb442783 : 69532239087806339
@@@ mem[ 2384] = 40f70733fb042783 : 4681218257510999939
@@@ mem[ 2392] = 40f757b300042783 : 4681306763985954691
@@@ mem[ 2400] = fcf42a2300178793 : 18227239921689003923
@@@ mem[ 2408] = 3e00006ffe042623 : 4467571311354586659
@@@ mem[ 2416] = 3c00006ffe042423 : 4323456123278730275
@@@ mem[ 2424] = 3a00006ffe042223 : 4179340935202873891
@@@ mem[ 2432] = 00279793fec42783 : 11144185981970307
@@@ mem[ 2440] = 00f707b3fc842703 : 69532788864591619
@@@ mem[ 2448] = 06400713fec42683 : 450367745197090435
@@@ mem[ 2456] = fc04268302e68733 : 18159681941595916083
@@@ mem[ 2464] = 0007a68300e68633 : 2153406423008819
@@@ mem[ 2472] = 00070793fe842703 : 1978657048635139
@@@ mem[ 2480] = 00e787b300279793 : 65169922491651987
@@@ mem[ 2488] = 00e787b3fe442703 : 65169926754936579
@@@ mem[ 2496] = 00f607b300279793 : 69251309653956499
@@@ mem[ 2504] = fe04202300d7a023 : 18303790120250613795
@@@ mem[ 2512] = fc042e232140006f : 18159690325881258095
@@@ mem[ 2520] = fc042c231f40006f : 18159688126824448111
@@@ mem[ 2528] = fec427031d40006f : 18357840875398103151
@@@ mem[ 2536] = 02f707b306400793 : 213647972808787859
@@@ mem[ 2544] = 00f706b3fc042703 : 69531689344575235
@@@ mem[ 2552] = 00070793fe842703 : 1978657048635139
@@@ mem[ 2560] = 00e787b300279793 : 65169922491651987
@@@ mem[ 2568] = 00e787b3fe442703 : 65169926754936579
@@@ mem[ 2576] = 00f687b300279793 : 69392047142311827
@@@ mem[ 2584] = 000427030007a583 : 1168793745728899
@@@ mem[ 2592] = 02f70733fe842783 : 213647427218188163
@@@ mem[ 2600] = 00f70733fdc42783 : 69532239129749379
@@@ mem[ 2608] = 40f707b300442783 : 4681218803059926915
@@@ mem[ 2616] = 000427031207c863 : 1168794047727715
@@@ mem[ 2624] = 02f70733fe442783 : 213647427213993859
@@@ mem[ 2632] = 00f70733fd842783 : 69532239125555075
@@@ mem[ 2640] = 40f707b300442783 : 4681218803059926915
@@@ mem[ 2648] = 000427031007c863 : 1168794014173283
@@@ mem[ 2656] = 02f70733fe842783 : 213647427218188163
@@@ mem[ 2664] = 00f70733fdc42783 : 69532239129749379
@@@ mem[ 2672] = 40f707b300442783 : 4681218803059926915
@@@ mem[ 2680] = 0ee7d663fb442703 : 1074062761056806659
@@@ mem[ 2688] = fe44278300042703 : 18321812627644491523
@@@ mem[ 2696] = fd84278302f70733 : 18267769432165517107
@@@ mem[ 2704] = 0044278300f70733 : 19183742026712883
@@@ mem[ 2712] = fb44270340f707b3 : 18105639296864552883
@@@ mem[ 2720] = fe0427030ce7d463 : 18303797679595443299
@@@ mem[ 2728] = 02f707b306400793 : 213647972808787859
@@@ mem[ 2736] = 00f706b3fc442703 : 69531689348769539
@@@ mem[ 2744] = fe84278300042703 : 18339827026153973507
@@@ mem[ 2752] = fdc4278302f70733 : 18285783830674999091
@@@ mem[ 2760] = 0044278300f70733 : 19183742026712883
@@@ mem[ 2768] = 0004260340f70733 : 1167695323531059
@@@ mem[ 2776] = 02f60633fe442783 : 213364852725655427
@@@ mem[ 2784] = 00f60633fd842783 : 69249664637216643
@@@ mem[ 2792] = 40f6063300442783 : 4680935678815774595
@@@ mem[ 2800] = 0027979300070793 : 11144181708162963
@@@ mem[ 2808] = 00c787b300e787b3 : 56162723249489843
@@@ mem[ 2816] = 00f687b300279793 : 69392047142311827
@@@ mem[ 2824] = fec427030007a603 : 18357840874907870723
@@@ mem[ 2832] = 02f707b31f400793 : 213647973228218259
@@@ mem[ 2840] = 00f70533fcc42703 : 69530040089716483
@@@ mem[ 2848] = fe042683fdc42783 : 18303797133880600451
@@@ mem[ 2856] = 0027171300078713 : 11002894464026387
@@@ mem[ 2864] = 0006879300f70733 : 1837915306395443
@@@ mem[ 2872] = 00d787b300179793 : 60666322863232915
@@@ mem[ 2880] = 00d787b300379793 : 60666322865330067
@@@ mem[ 2888] = fd84278300f70733 : 18267769432131962675
@@@ mem[ 2896] = 0027979300f707b3 : 11144181723891635
@@@ mem[ 2904] = 0007a78300f507b3 : 2154505935587251
@@@ mem[ 2912] = 0080006f02f607b3 : 36029273810012083
@@@ mem[ 2920] = fec4268300000793 : 18357840325151557523
@@@ mem[ 2928] = 02e6873306400713 : 209003085937248019
@@@ mem[ 2936] = 00e68633fc042683 : 64886802473035395
@@@ mem[ 2944] = fe84270300b786b3 : 18339826476409915059
@@@ mem[ 2952] = 0027979300070793 : 11144181708162963
@@@ mem[ 2960] = fe44270300e787b3 : 18321812077903579059
@@@ mem[ 2968] = 0027979300e787b3 : 11144181722875827
@@@ mem[ 2976] = 00d7a02300f607b3 : 60693192193214387
@@@ mem[ 2984] = 00178793fd842783 : 6622994147583875
@@@ mem[ 2992] = fd842703fcf42c23 : 18267768886603820067
@@@ mem[ 3000] = e2f744e3fb042783 : 16354616317778864003
@@@ mem[ 3008] = 00178793fdc42783 : 6622994151778179
@@@ mem[ 3016] = fdc42703fcf42e23 : 18285783285113302563
@@@ mem[ 3024] = e0f744e3fb042783 : 16210501129703008131
@@@ mem[ 3032] = 00178793fe042783 : 6622994155972483
@@@ mem[ 3040] = fe042703fef42023 : 18303797683656335395
@@@ mem[ 3048] = def744e3fbc42783 : 16066385941639735171
@@@ mem[ 3056] = 00078a6300842783 : 2122482652030851
@@@ mem[ 3064] = 0010079300842703 : 4511927577618179
@@@ mem[ 3072] = 10c0006f08f70663 : 1206965177027069539
@@@ mem[ 3080] = 06400793fec42703 : 450368294952904451
@@@ mem[ 3088] = fc04270302f707b3 : 18159682491352811443
@@@ mem[ 3096] = fe84270300f706b3 : 18339826476414076595
@@@ mem[ 3104] = 0027979300070793 : 11144181708162963
@@@ mem[ 3112] = fe44270300e787b3 : 18321812077903579059
@@@ mem[ 3120] = 0027979300e787b3 : 11144181722875827
@@@ mem[ 3128] = 0007a68300f687b3 : 2153406424057779
@@@ mem[ 3136] = 06400793fec42703 : 450368294952904451
@@@ mem[ 3144] = fc04270302f707b3 : 18159682491352811443
@@@ mem[ 3152] = 0006851300f704b3 : 1835166527325363
@@@ mem[ 3160] = 8e8080e700000097 : 10268348880030531735
@@@ mem[ 3168] = fe84270300050693 : 18339826476398216851
@@@ mem[ 3176] = 0027979300070793 : 11144181708162963
@@@ mem[ 3184] = fe44270300e787b3 : 18321812077903579059
@@@ mem[ 3192] = 0027979300e787b3 : 11144181722875827
@@@ mem[ 3200] = 00d7a02300f487b3 : 60693192193116083
@@@ mem[ 3208] = fec427030880006f : 18357840875049975919
@@@ mem[ 3216] = 02f707b306400793 : 213647972808787859
@@@ mem[ 3224] = 00f706b3fc042703 : 69531689344575235
@@@ mem[ 3232] = 00070793fe842703 : 1978657048635139
@@@ mem[ 3240] = 00e787b300279793 : 65169922491651987
@@@ mem[ 3248] = 00e787b3fe442703 : 65169926754936579
@@@ mem[ 3256] = 00f687b300279793 : 69392047142311827
@@@ mem[ 3264] = fec427030007a683 : 18357840874907870851
@@@ mem[ 3272] = 02f707b306400793 : 213647972808787859
@@@ mem[ 3280] = 00f704b3fc042703 : 69529490321319683
@@@ mem[ 3288] = 0000009700068513 : 648540488979
@@@ mem[ 3296] = 00050693864080e7 : 1414605565886695
@@@ mem[ 3304] = 00070793fe842703 : 1978657048635139
@@@ mem[ 3312] = 00e787b300279793 : 65169922491651987
@@@ mem[ 3320] = 00e787b3fe442703 : 65169926754936579
@@@ mem[ 3328] = 00f487b300279793 : 68829097188890515
@@@ mem[ 3336] = 0000001300d7a023 : 81618509859
@@@ mem[ 3344] = 00178793fe442783 : 6622994160166787
@@@ mem[ 3352] = fe442703fef42223 : 18321812082165817891
@@@ mem[ 3360] = c4f74ee3fd442783 : 14192899491795052419
@@@ mem[ 3368] = 00178793fe842783 : 6622994164361091
@@@ mem[ 3376] = fe842703fef42423 : 18339826480675300387
@@@ mem[ 3384] = c2f74ee3fd442783 : 14048784303719196547
@@@ mem[ 3392] = 00178793fec42783 : 6622994168555395
@@@ mem[ 3400] = fec42703fef42623 : 18357840879184782883
@@@ mem[ 3408] = c0f74ee3fb842783 : 13904669115613980547
@@@ mem[ 3416] = 0000001300000013 : 81604378643
@@@ mem[ 3424] = 0481240304c12083 : 324580243530653827
@@@ mem[ 3432] = 0501011304412483 : 360570626353734787
@@@ mem[ 3440] = fb01011300008067 : 18086738759612661863
@@@ mem[ 3448] = 0501041304812623 : 360573924892812835
@@@ mem[ 3456] = fcb42423fca42623 : 18209218930346829347
@@@ mem[ 3464] = fcd42023fcc42223 : 18218221731557155363
@@@ mem[ 3472] = faf42c23fae42e23 : 18083126936844119587
@@@ mem[ 3480] = fb142823fb042a23 : 18092129738054445603
@@@ mem[ 3488] = 00179713fb442783 : 6640036540065667
@@@ mem[ 3496] = 00f70733fc042783 : 69532239100389251
@@@ mem[ 3504] = 40f70733fbc42783 : 4681218257523582851
@@@ mem[ 3512] = 40f757b3fb842783 : 4681306768205424515
@@@ mem[ 3520] = fcf42c2300178793 : 18227242120712259475
@@@ mem[ 3528] = 3640006ffe042623 : 3909124957560645155
@@@ mem[ 3536] = 3440006ffe042423 : 3765009769484788771
@@@ mem[ 3544] = 3240006ffe042223 : 3620894581408932387
@@@ mem[ 3552] = 00078a63fb042783 : 2122486854723459
@@@ mem[ 3560] = 00100793fb042703 : 4511931780310787
@@@ mem[ 3568] = 0c40006f08f70663 : 882706003856393827
@@@ mem[ 3576] = 06400793fec42703 : 450368294952904451
@@@ mem[ 3584] = fcc4270302f707b3 : 18213725686881257395
@@@ mem[ 3592] = fb84270300f706b3 : 18123653694300292787
@@@ mem[ 3600] = 02f70733fe842783 : 213647427218188163
@@@ mem[ 3608] = fe442783fb842603 : 18321812631863961091
@@@ mem[ 3616] = fec4260302f605b3 : 18357839775445419443
@@@ mem[ 3624] = 02f607b306400793 : 213366497832077203
@@@ mem[ 3632] = 00f60633fc842603 : 69249664620439043
@@@ mem[ 3640] = 0027979300070793 : 11144181708162963
@@@ mem[ 3648] = 00b787b300e787b3 : 51659123622119347
@@@ mem[ 3656] = 00f687b300279793 : 69392047142311827
@@@ mem[ 3664] = fe8427030007a683 : 18339826476398388867
@@@ mem[ 3672] = 0027979300070793 : 11144181708162963
@@@ mem[ 3680] = fe44270300e787b3 : 18321812077903579059
@@@ mem[ 3688] = 0027979300e787b3 : 11144181722875827
@@@ mem[ 3696] = 00d7a02300f607b3 : 60693192193214387
@@@ mem[ 3704] = fec427030400006f : 18357840874974478447
@@@ mem[ 3712] = 02f707b306400793 : 213647972808787859
@@@ mem[ 3720] = 00f706b3fc842703 : 69531689352963843
@@@ mem[ 3728] = 00070793fe842703 : 1978657048635139
@@@ mem[ 3736] = 00e787b300279793 : 65169922491651987
@@@ mem[ 3744] = 00e787b3fe442703 : 65169926754936579
@@@ mem[ 3752] = 00f687b300279793 : 69392047142311827
@@@ mem[ 3760] = 000000130007a023 : 81604878371
@@@ mem[ 3768] = 1a00006ffe042023 : 1873497925989179427
@@@ mem[ 3776] = 1800006ffc042e23 : 1729382737879772707
@@@ mem[ 3784] = 06400793fec42703 : 450368294952904451
@@@ mem[ 3792] = fcc4270302f707b3 : 18213725686881257395
@@@ mem[ 3800] = fb84270300f706b3 : 18123653694300292787
@@@ mem[ 3808] = 02f70733fe842783 : 213647427218188163
@@@ mem[ 3816] = 00f70733fe042783 : 69532239133943683
@@@ mem[ 3824] = fe442783fb842603 : 18321812631863961091
@@@ mem[ 3832] = fdc4278302f60633 : 18285783830674933299
@@@ mem[ 3840] = 0007079300f60633 : 1978652794684979
@@@ mem[ 3848] = 00e787b300279793 : 65169922491651987
@@@ mem[ 3856] = 0027979300c787b3 : 11144181720778675
@@@ mem[ 3864] = 0007a78300f687b3 : 2154505935685555
@@@ mem[ 3872] = fb042783fcf42a23 : 18087625451264813603
@@@ mem[ 3880] = fb04270300078a63 : 18087624897265633891
@@@ mem[ 3888] = 08f7046300100793 : 645989894800279443
@@@ mem[ 3896] = fec427031000006f : 18357840875175805039
@@@ mem[ 3904] = 02f707b306400793 : 213647972808787859
@@@ mem[ 3912] = 00f706b3fc842703 : 69531689352963843
@@@ mem[ 3920] = 00070793fe842703 : 1978657048635139
@@@ mem[ 3928] = 00e787b300279793 : 65169922491651987
@@@ mem[ 3936] = 00e787b3fe442703 : 65169926754936579
@@@ mem[ 3944] = 00f687b300279793 : 69392047142311827
@@@ mem[ 3952] = fec426830007a783 : 18357840325152057219
@@@ mem[ 3960] = 02e6873306400713 : 209003085937248019
@@@ mem[ 3968] = 00e68633fc842683 : 64886802481424003
@@@ mem[ 3976] = 00f75463fd442703 : 69617107675129603
@@@ mem[ 3984] = fe84268300078713 : 18339825926642566931
@@@ mem[ 3992] = 0027979300068793 : 11144181708130195
@@@ mem[ 4000] = fe44268300d787b3 : 18321811528146716595
@@@ mem[ 4008] = 0027979300d787b3 : 11144181721827251
@@@ mem[ 4016] = 00e7a02300f607b3 : 65196791820584883
@@@ mem[ 4024] = fec427030800006f : 18357840875041587311
@@@ mem[ 4032] = 02f707b306400793 : 213647972808787859
@@@ mem[ 4040] = 00f706b3fc842703 : 69531689352963843
@@@ mem[ 4048] = 00070793fe842703 : 1978657048635139
@@@ mem[ 4056] = 00e787b300279793 : 65169922491651987
@@@ mem[ 4064] = 00e787b3fe442703 : 65169926754936579
@@@ mem[ 4072] = 00f687b300279793 : 69392047142311827
@@@ mem[ 4080] = fec426830007a703 : 18357840325152057091
@@@ mem[ 4088] = 02f687b306400793 : 213507235320432531
@@@ mem[ 4096] = 00f68633fc842683 : 69390402108794499
@@@ mem[ 4104] = 00f706b3fd442783 : 69531689365546883
@@@ mem[ 4112] = 00070793fe842703 : 1978657048635139
@@@ mem[ 4120] = 00e787b300279793 : 65169922491651987
@@@ mem[ 4128] = 00e787b3fe442703 : 65169926754936579
@@@ mem[ 4136] = 00f607b300279793 : 69251309653956499
@@@ mem[ 4144] = 0000001300d7a023 : 81618509859
@@@ mem[ 4152] = 00178793fdc42783 : 6622994151778179
@@@ mem[ 4160] = fdc42703fcf42e23 : 18285783285113302563
@@@ mem[ 4168] = e6f74ee3fbc42783 : 16642857689059436419
@@@ mem[ 4176] = 00178793fe042783 : 6622994155972483
@@@ mem[ 4184] = fe042703fef42023 : 18303797683656335395
@@@ mem[ 4192] = e4f74ee3fbc42783 : 16498742500983580547
@@@ mem[ 4200] = 00100793fb042703 : 4511931780310787
@@@ mem[ 4208] = fec4270308f71263 : 18357840875057779299
@@@ mem[ 4216] = 02f707b306400793 : 213647972808787859
@@@ mem[ 4224] = 00f706b3fc842703 : 69531689352963843
@@@ mem[ 4232] = 00070793fe842703 : 1978657048635139
@@@ mem[ 4240] = 00e787b300279793 : 65169922491651987
@@@ mem[ 4248] = 00e787b3fe442703 : 65169926754936579
@@@ mem[ 4256] = 00f687b300279793 : 69392047142311827
@@@ mem[ 4264] = fbc427830007a703 : 18141668642549901059
@@@ mem[ 4272] = fec4260302f787b3 : 18357839775445518259
@@@ mem[ 4280] = 02d606b306400693 : 204358199065708179
@@@ mem[ 4288] = 00d60633fc842603 : 60242465365698051
@@@ mem[ 4296] = fe84270340f706b3 : 18339826477487818419
@@@ mem[ 4304] = 0027979300070793 : 11144181708162963
@@@ mem[ 4312] = fe44270300e787b3 : 18321812077903579059
@@@ mem[ 4320] = 0027979300e787b3 : 11144181722875827
@@@ mem[ 4328] = 00d7a02300f607b3 : 60693192193214387
@@@ mem[ 4336] = fe44278300000013 : 18321812627644219411
@@@ mem[ 4344] = fef4222300178793 : 18371346313671837587
@@@ mem[ 4352] = fd842783fe442703 : 18267769436381652739
@@@ mem[ 4360] = fe842783ccf74ce3 : 18339827029592460515
@@@ mem[ 4368] = fef4242300178793 : 18371348512695093139
@@@ mem[ 4376] = fd842783fe842703 : 18267769436385847043
@@@ mem[ 4384] = fec42783caf74ce3 : 18357841428068388067
@@@ mem[ 4392] = fef4262300178793 : 18371350711718348691
@@@ mem[ 4400] = fc442783fec42703 : 18177697443842631427
@@@ mem[ 4408] = 00000013c8f74ce3 : 84976028899
@@@ mem[ 4416] = 04c1240300000013 : 342594641960370195
@@@ mem[ 4424] = 0000806705010113 : 141179953938707
@@@ mem[ 4432] = 02112623fd010113 : 148942198690349331
@@@ mem[ 4440] = 0301041302812423 : 216458736783402019
@@@ mem[ 4448] = fcb42c23fca42e23 : 18209227726439853603
@@@ mem[ 4456] = fe042623fcc42a23 : 18303796721546963491
@@@ mem[ 4464] = fe04242309c0006f : 18303794518446571631
@@@ mem[ 4472] = fe04222307c0006f : 18303792319389761647
@@@ mem[ 4480] = fffff09705c0006f : 18446727130160037999
@@@ mem[ 4488] = 0005079334c080e7 : 1415703710171367
@@@ mem[ 4496] = fec4268300f7f793 : 18357840325167806355
@@@ mem[ 4504] = 02e6873306400713 : 209003085937248019
@@@ mem[ 4512] = 00e68633fdc42683 : 64886802502395523
@@@ mem[ 4520] = fe842703ffb78693 : 18339826480688105107
@@@ mem[ 4528] = 0027979300070793 : 11144181708162963
@@@ mem[ 4536] = fe44270300e787b3 : 18321812077903579059
@@@ mem[ 4544] = 0027979300e787b3 : 11144181722875827
@@@ mem[ 4552] = 00d7a02300f607b3 : 60693192193214387
@@@ mem[ 4560] = 00178793fe442783 : 6622994160166787
@@@ mem[ 4568] = fe442703fef42223 : 18321812082165817891
@@@ mem[ 4576] = faf740e3fd442783 : 18083994176680372099
@@@ mem[ 4584] = 00178793fe842783 : 6622994164361091
@@@ mem[ 4592] = fe842703fef42423 : 18339826480675300387
@@@ mem[ 4600] = f8f740e3fd442783 : 17939878988604516227
@@@ mem[ 4608] = 00178793fec42783 : 6622994168555395
@@@ mem[ 4616] = fec42703fef42623 : 18357840879184782883
@@@ mem[ 4624] = f6f740e3fd842783 : 17795763800532854659
@@@ mem[ 4632] = 0000001300000013 : 81604378643
@@@ mem[ 4640] = 0281240302c12083 : 180465055421243523
@@@ mem[ 4648] = 0000806703010113 : 141179920384275
@@@ mem[ 4656] = 02112e23fc010113 : 148950994766594323
@@@ mem[ 4664] = 0401041302812c23 : 288516330821332003
@@@ mem[ 4672] = fcb42c23fca42e23 : 18209227726439853603
@@@ mem[ 4680] = fcd42823fcc42a23 : 18218230527650179619
@@@ mem[ 4688] = fe042623fce42623 : 18303796721549059619
@@@ mem[ 4696] = fffff0971000006f : 18446727130332004463
@@@ mem[ 4704] = 00050793274080e7 : 1415703483678951
@@@ mem[ 4712] = fec4278300f7f713 : 18357841424679434003
@@@ mem[ 4720] = fd84268300279793 : 18267768332606740371
@@@ mem[ 4728] = ffb7071300f687b3 : 18426204178611603379
@@@ mem[ 4736] = fe04242300e7a023 : 18303794518298173475
@@@ mem[ 4744] = fe0422230b80006f : 18303792319452676207
@@@ mem[ 4752] = fe0420230980006f : 18303790120395866223
@@@ mem[ 4760] = fffff0970780006f : 18446727130189398127
@@@ mem[ 4768] = 00050793234080e7 : 1415703416570087
@@@ mem[ 4776] = fec4268300f7f793 : 18357840325167806355
@@@ mem[ 4784] = 02e687331f400713 : 209003086356678419
@@@ mem[ 4792] = 00e685b3fdc42683 : 64886252746581635
@@@ mem[ 4800] = fe442783ffb78613 : 18321812631934436883
@@@ mem[ 4808] = 00078713fe842683 : 2118844781176451
@@@ mem[ 4816] = 00f7073300271713 : 69532234874820371
@@@ mem[ 4824] = 0017979300068793 : 6640582080759699
@@@ mem[ 4832] = 0037979300d787b3 : 15647781349197747
@@@ mem[ 4840] = 00f7073300d787b3 : 69532234886383539
@@@ mem[ 4848] = 00f707b3fe042783 : 69532788889757571
@@@ mem[ 4856] = 00f587b300279793 : 69110572165601171
@@@ mem[ 4864] = fe04278300c7a023 : 18303798229147820067
@@@ mem[ 4872] = fef4202300178793 : 18371344114648582035
@@@ mem[ 4880] = fcc42783fe042703 : 18213726240849012483
@@@ mem[ 4888] = fe442783f8f742e3 : 18321812631821173475
@@@ mem[ 4896] = fef4222300178793 : 18371346313671837587
@@@ mem[ 4904] = fcc42783fe442703 : 18213726240853206787
@@@ mem[ 4912] = fe842783f6f742e3 : 18339827030297101027
@@@ mem[ 4920] = fef4242300178793 : 18371348512695093139
@@@ mem[ 4928] = fd442783fe842703 : 18249755037876365059
@@@ mem[ 4936] = fec42783f4f742e3 : 18357841428773028579
@@@ mem[ 4944] = fef4262300178793 : 18371350711718348691
@@@ mem[ 4952] = fd042783fec42703 : 18231740639371077379
@@@ mem[ 4960] = 00000013eef74ee3 : 85613563619
@@@ mem[ 4968] = 03c1208300000013 : 270533199631745043
@@@ mem[ 4976] = 0401011303812403 : 288513032303223811
@@@ mem[ 4984] = fd01011300008067 : 18230853947688517735
@@@ mem[ 4992] = 0301041302812623 : 216458736783402531
@@@ mem[ 5000] = fcb42c23fca42e23 : 18209227726439853603
@@@ mem[ 5008] = fcd42823fcc42a23 : 18218230527650179619
@@@ mem[ 5016] = 0c40006ffe042623 : 882706007967671843
@@@ mem[ 5024] = 0a40006ffe042423 : 738590819891815459
@@@ mem[ 5032] = 0840006ffe042223 : 594475631815959075
@@@ mem[ 5040] = 06400793fec42703 : 450368294952904451
@@@ mem[ 5048] = fdc4270302f707b3 : 18285783280919185331
@@@ mem[ 5056] = fec4270300f70633 : 18357840874923558451
@@@ mem[ 5064] = 02f70733fd442783 : 213647427197216643
@@@ mem[ 5072] = 02f70733fd442783 : 213647427197216643
@@@ mem[ 5080] = fd442783fe842683 : 18249755037876364931
@@@ mem[ 5088] = 00f7073302f687b3 : 69532234921969587
@@@ mem[ 5096] = 00f707b3fe442783 : 69532788893951875
@@@ mem[ 5104] = fd04270300279793 : 18231740085343590291
@@@ mem[ 5112] = fe84270300f706b3 : 18339826476414076595
@@@ mem[ 5120] = 0027979300070793 : 11144181708162963
@@@ mem[ 5128] = fe44270300e787b3 : 18321812077903579059
@@@ mem[ 5136] = 0027979300e787b3 : 11144181722875827
@@@ mem[ 5144] = 0007a78300f607b3 : 2154505935652787
@@@ mem[ 5152] = fe44278300f6a023 : 18321812627660382243
@@@ mem[ 5160] = fef4222300178793 : 18371346313671837587
@@@ mem[ 5168] = fd442783fe442703 : 18249755037872170755
@@@ mem[ 5176] = fe842783f6f74ce3 : 18339827030297103587
@@@ mem[ 5184] = fef4242300178793 : 18371348512695093139
@@@ mem[ 5192] = fd442783fe842703 : 18249755037876365059
@@@ mem[ 5200] = fec42783f4f74ce3 : 18357841428773031139
@@@ mem[ 5208] = fef4262300178793 : 18371350711718348691
@@@ mem[ 5216] = fd842783fec42703 : 18267769436390041347
@@@ mem[ 5224] = 00000013f2f74ce3 : 85680671971
@@@ mem[ 5232] = 02c1240300000013 : 198479453884514323
@@@ mem[ 5240] = 0000806703010113 : 141179920384275
@@@ mem[ 5248] = 7e11262381010113 : 9084083857313038611
@@@ mem[ 5256] = 7f0104137e812423 : 9151600399566840867
@@@ mem[ 5264] = fe04262394010113 : 18303796719789342995
@@@ mem[ 5272] = 005007932180006f : 22526326640476271
@@@ mem[ 5280] = 00500793fef42423 : 22526330355852323
@@@ mem[ 5288] = 00500793fef42223 : 22526330355851811
@@@ mem[ 5296] = 00200793fef42023 : 9015531473739811
@@@ mem[ 5304] = 00100793fcf42e23 : 4511931812818467
@@@ mem[ 5312] = fc042a23fcf42c23 : 18159685931520764963
@@@ mem[ 5320] = fcf4282300200793 : 18227237722666305427
@@@ mem[ 5328] = 36478793fffff7b7 : 3911243871119472567
@@@ mem[ 5336] = 008787b3ff078793 : 38148329003517843
@@@ mem[ 5344] = fe442583fe042603 : 18321810432882648579
@@@ mem[ 5352] = 0000009700078513 : 648540554515
@@@ mem[ 5360] = fffff7b7c64080e7 : 18446734967410032871
@@@ mem[ 5368] = ff07879355878793 : 18376805871373485971
@@@ mem[ 5376] = fffff7b7008785b3 : 18446734964092798387
@@@ mem[ 5384] = ff07879356c78793 : 18376805871394457491
@@@ mem[ 5392] = fdc42703008787b3 : 18285783280878323635
@@@ mem[ 5400] = fe442603fe842683 : 18321810982646851203
@@@ mem[ 5408] = 0000009700078513 : 648540554515
@@@ mem[ 5416] = fffff7b7d0c080e7 : 18446734967586193639
@@@ mem[ 5424] = ff07879317078793 : 18376805870324909971
@@@ mem[ 5432] = fffff7b7008786b3 : 18446734964092798643
@@@ mem[ 5440] = ff07879336478793 : 18376805870849197971
@@@ mem[ 5448] = fffff7b700878633 : 18446734964092798515
@@@ mem[ 5456] = ff07879355878793 : 18376805871373485971
@@@ mem[ 5464] = fffff7b7008785b3 : 18446734964092798387
@@@ mem[ 5472] = ff07879356c78793 : 18376805871394457491
@@@ mem[ 5480] = fd04278300878533 : 18231740635105690931
@@@ mem[ 5488] = fd44278300f12423 : 18249755033622094883
@@@ mem[ 5496] = fd84278300f12223 : 18267769432131576355
@@@ mem[ 5504] = fdc4288300f12023 : 18285784930152685603
@@@ mem[ 5512] = fe842783fe042803 : 18339827030415386627
@@@ mem[ 5520] = fffff097fe442703 : 18446727134329448195
@@@ mem[ 5528] = 00500793378080e7 : 22526327009607911
@@@ mem[ 5536] = 00500793fef42423 : 22526330355852323
@@@ mem[ 5544] = 00400793fef42223 : 18022730728481315
@@@ mem[ 5552] = 00200793fef42023 : 9015531473739811
@@@ mem[ 5560] = 00200793fcf42e23 : 9015531440188963
@@@ mem[ 5568] = fc042a23fcf42c23 : 18159685931520764963
@@@ mem[ 5576] = fffff7b7fc042623 : 18446734968312047139
@@@ mem[ 5584] = ff07879336478793 : 18376805870849197971
@@@ mem[ 5592] = fffff7b7008785b3 : 18446734964092798387
@@@ mem[ 5600] = ff07879317078793 : 18376805870324909971
@@@ mem[ 5608] = fcc4288300878533 : 18213727336107836723
@@@ mem[ 5616] = fd842783fd442803 : 18267769436364875779
@@@ mem[ 5624] = fe042683fdc42703 : 18303797133880600323
@@@ mem[ 5632] = fffff097fe442603 : 18446727134329447939
@@@ mem[ 5640] = f3440713770080e7 : 17529143429815107815
@@@ mem[ 5648] = 36478793fffff7b7 : 3911243871119472567
@@@ mem[ 5656] = 008787b3ff078793 : 38148329003517843
@@@ mem[ 5664] = 0010061300070693 : 4510278301976211
@@@ mem[ 5672] = 0007851300500593 : 2116641493091731
@@@ mem[ 5680] = d4c080e700000097 : 15330394861194969239
@@@ mem[ 5688] = fcf4242300500793 : 18227233324622940051
@@@ mem[ 5696] = fcf4222300500793 : 18227231125599684499
@@@ mem[ 5704] = f3440793fc042023 : 17529143981802528803
@@@ mem[ 5712] = 00078513fc842583 : 2116645724366211
@@@ mem[ 5720] = 0d4080e7fffff097 : 954904854923309207
@@@ mem[ 5728] = f5c40793f4840713 : 17709287966771513107
@@@ mem[ 5736] = fc842603fc442683 : 18195710193042728579
@@@ mem[ 5744] = 0007851300070593 : 2116641488307603
@@@ mem[ 5752] = 12c080e7fffff097 : 1351221622131912855
@@@ mem[ 5760] = f3440613f2040693 : 17529142332367308435
@@@ mem[ 5768] = f5c40513f4840593 : 17709285217992443283
@@@ mem[ 5776] = fc442783fc042803 : 18177697443796494339
@@@ mem[ 5784] = fffff097fc842703 : 18446727134300088067
@@@ mem[ 5792] = fec42783ed8080e7 : 18357841428647805159
@@@ mem[ 5800] = fef4262300178793 : 18371350711718348691
@@@ mem[ 5808] = 00200793fec42703 : 9015531470595843
@@@ mem[ 5816] = 00000793dee7d2e3 : 8331681321699
@@@ mem[ 5824] = 6c01011300078513 : 7782502812189426963
@@@ mem[ 5832] = 7e8124037ec12083 : 9115606718204682371
@@@ mem[ 5840] = 000080677f010113 : 141182000759059
@@@ mem[ 5848] = 0005071300f00313 : 1415153085055763
@@@ mem[ 5856] = 00f7779302c37e63 : 69655792537796195
@@@ mem[ 5864] = 080592630a079063 : 578029081254662243
@@@ mem[ 5872] = 00f67613ff067693 : 69372672525891219
@@@ mem[ 5880] = 00b7202300e686b3 : 51545255449102003
@@@ mem[ 5888] = 00b7242300b72223 : 51549653492507171
@@@ mem[ 5896] = 0107071300b72623 : 74035697072678435
@@@ mem[ 5904] = 00061463fed766e3 : 1711269570111203
@@@ mem[ 5912] = 40c306b300008067 : 4666581004754911335
@@@ mem[ 5920] = 0000029700269693 : 2847565846163
@@@ mem[ 5928] = 00c68067005686b3 : 55873225264367283
@@@ mem[ 5936] = 00b706a300b70723 : 51517217899480867
@@@ mem[ 5944] = 00b705a300b70623 : 51516118387852835
@@@ mem[ 5952] = 00b704a300b70523 : 51515018876224803
@@@ mem[ 5960] = 00b703a300b70423 : 51513919364596771
@@@ mem[ 5968] = 00b702a300b70323 : 51512819852968739
@@@ mem[ 5976] = 00b701a300b70223 : 51511720341340707
@@@ mem[ 5984] = 00b700a300b70123 : 51510620829712675
@@@ mem[ 5992] = 0000806700b70023 : 141179881979939
@@@ mem[ 6000] = 008596930ff5f593 : 37601730274653587
@@@ mem[ 6008] = 0105969300d5e5b3 : 73630527039858099
@@@ mem[ 6016] = f6dff06f00d5e5b3 : 17789201412682802611
@@@ mem[ 6024] = 0000029700279693 : 2847565911699
@@@ mem[ 6032] = 00008293005686b3 : 143567877473971
@@@ mem[ 6040] = 00028093fa0680e7 : 704322996699367
@@@ mem[ 6048] = 40f70733ff078793 : 4681218257578330003
@@@ mem[ 6056] = f6c378e300f60633 : 17781188670157882931
@@@ mem[ 6064] = 00000000f3dff06f : 4091539567
@@@
@@@ mem[ 6144] = 0000400000001838 : 70368744183864
@@@ mem[ 6152] = 000000000000248b : 9355
@@@
@@@ mem[61688] = ffffffbc00000000 : 18446743781651775488
@@@
@@@ mem[61704] = 0000f15000000002 : 265325899677698
@@@ mem[61712] = 0000000000000004 : 4
@@@ mem[61720] = 0000000500000005 : 21474836485
@@@ mem[61728] = 0000ff340000ff20 : 280598803447584
@@@ mem[61736] = 0000ff5c0000ff48 : 280770602139464
@@@ mem[61744] = 0000000100000002 : 4294967298
@@@ mem[61752] = 0000000500000005 : 21474836485
@@@
@@@ mem[61768] = 000016a400010000 : 24893630513152
@@@ mem[61776] = 0000000000000001 : 1
@@@ mem[61784] = 0000000000000002 : 2
@@@ mem[61792] = 0000006b0000009a : 459561500826
@@@
@@@ mem[61808] = 0000009e00000000 : 678604832768
@@@ mem[61816] = 0000000000000027 : 39
@@@
@@@ mem[61888] = 000000aa00000000 : 730144440320
@@@ mem[61896] = 0000000000000188 : 392
@@@
@@@ mem[61912] = 00000183000000bf : 1662152343743
@@@
@@@ mem[61992] = 00000059ffffffdc : 386547056604
@@@
@@@ mem[62008] = 0000004900000000 : 313532612608
@@@ mem[62016] = 000000000000009f : 159
@@@
@@@ mem[62088] = 000000bb00000000 : 803158884352
@@@ mem[62096] = 0000000000000100 : 256
@@@
@@@ mem[62112] = 0000009600000030 : 644245094448
@@@
@@@ mem[62192] = ffffffccffffff98 : 18446743854666219416
@@@
@@@ mem[62208] = 0000002800000000 : 171798691840
@@@ mem[62216] = 0000000000000091 : 145
@@@
@@@ mem[62288] = 0000009e00000000 : 678604832768
@@@ mem[62296] = 00000003fffffffb : 17179869179
@@@ mem[62304] = 00000005ffffffff : 25769803775
@@@ mem[62312] = 0000000100000008 : 4294967304
@@@ mem[62320] = 0000000000000006 : 6
@@@ mem[62328] = fffffffcfffffffd : 18446744060824649725
@@@ mem[62336] = 0000000700000003 : 30064771075
@@@ mem[62344] = fffffffe00000001 : 18446744065119617025
@@@ mem[62352] = fffffffbfffffffc : 18446744056529682428
@@@ mem[62360] = ffffffff00000003 : 18446744069414584323
@@@ mem[62368] = 0000000000000005 : 5
@@@ mem[62376] = 00000004fffffffd : 21474836477
@@@ mem[62384] = 00000005ffffffff : 25769803775
@@@ mem[62392] = 0000000500000188 : 21474836872
@@@ mem[62400] = 0000000100000008 : 4294967304
@@@ mem[62408] = fffffffcfffffffe : 18446744060824649726
@@@ mem[62416] = 0000000700000003 : 30064771075
@@@ mem[62424] = 0000000200000009 : 8589934601
@@@ mem[62432] = 0000000800000006 : 34359738374
@@@ mem[62440] = 0000000600000001 : 25769803777
@@@ mem[62448] = 0000000900000008 : 38654705672
@@@ mem[62456] = 000000020000000a : 8589934602
@@@ mem[62464] = fffffffcfffffffe : 18446744060824649726
@@@ mem[62472] = 00000003fffffffb : 17179869179
@@@ mem[62480] = 0000000100000007 : 4294967303
@@@ mem[62488] = 0000009ffffffffe : 687194767358
@@@ mem[62496] = ffffffff00000003 : 18446744069414584323
@@@ mem[62504] = 00000004fffffffd : 21474836477
@@@ mem[62512] = 00000005ffffffff : 25769803775
@@@ mem[62520] = 0000000500000000 : 21474836480
@@@ mem[62528] = 0000000100000008 : 4294967304
@@@ mem[62536] = 0000000000000006 : 6
@@@ mem[62544] = 0000000800000005 : 34359738373
@@@ mem[62552] = fffffffe00000001 : 18446744065119617025
@@@ mem[62560] = 0000000700000004 : 30064771076
@@@ mem[62568] = 0000000600000001 : 25769803777
@@@ mem[62576] = 0000000100000008 : 4294967304
@@@ mem[62584] = 0000000800000006 : 34359738374
@@@ mem[62592] = 0000000a00000100 : 42949673216
@@@ mem[62600] = 000000020000000a : 8589934602
@@@ mem[62608] = fffffffcfffffffe : 18446744060824649726
@@@ mem[62616] = ffffffff00000003 : 18446744069414584323
@@@ mem[62624] = fffffffcfffffffd : 18446744060824649725
@@@ mem[62632] = 00000003fffffffb : 17179869179
@@@ mem[62640] = 00000005ffffffff : 25769803775
@@@ mem[62648] = 0000000900000008 : 38654705672
@@@ mem[62656] = fffffffe00000002 : 18446744065119617026
@@@ mem[62664] = 0000000700000004 : 30064771076
@@@ mem[62672] = 0000000200000009 : 8589934601
@@@ mem[62680] = fffffffcfffffffe : 18446744060824649726
@@@ mem[62688] = 00000091fffffffb : 627065225211
@@@ mem[62696] = 00000003fffffffb : 17179869179
@@@ mem[62704] = 00000005ffffffff : 25769803775
@@@ mem[62712] = 0000000500000000 : 21474836480
@@@ mem[62720] = fffffffd00000000 : 18446744060824649728
@@@ mem[62728] = 00000003fffffffc : 17179869180
@@@ mem[62736] = 0000000100000007 : 4294967303
@@@ mem[62744] = 0000000000000006 : 6
@@@ mem[62752] = 00000004fffffffd : 21474836477
@@@ mem[62760] = fffffffdffffffff : 18446744065119617023
@@@ mem[62768] = ffffffff00000004 : 18446744069414584324
@@@ mem[62776] = 0000000000000005 : 5
@@@ mem[62784] = 0000000800000005 : 34359738373
@@@ mem[62792] = 0000000900000009 : 38654705673
@@@ mem[62800] = 00000003fffffffb : 17179869179
@@@ mem[62808] = 00000002ffffffff : 12884901887
@@@ mem[62816] = 0000000000000006 : 6
@@@
@@@ mem[62832] = fffffffd00000000 : 18446744060824649728
@@@
@@@ mem[62912] = fffffffbfffffffc : 18446744056529682428
@@@
@@@ mem[62928] = 0000000300000000 : 12884901888
@@@ mem[62936] = 0000000000000007 : 7
@@@
@@@ mem[63008] = 0000000100000000 : 4294967296
@@@ mem[63016] = 0000000000000006 : 6
@@@
@@@ mem[63032] = 0000000500000000 : 21474836480
@@@
@@@ mem[63112] = 0000000100000008 : 4294967304
@@@
@@@ mem[63128] = fffffffe00000000 : 18446744065119617024
@@@ mem[63136] = 00000000fffffffc : 4294967292
@@@
@@@ mem[63208] = fffffffb00000000 : 18446744052234715136
@@@ mem[63216] = 00000000fffffffb : 4294967291
@@@
@@@ mem[63232] = 0000000700000003 : 30064771075
@@@
@@@ mem[63312] = 0000000a0000000a : 42949672970
@@@
@@@ mem[63328] = 0000000a00000000 : 42949672960
@@@ mem[63336] = 000000000000000a : 10
@@@
@@@ mem[63408] = 0000000a00000000 : 42949672960
@@@ mem[63416] = 000000000000000a : 10
@@@
@@@ mem[63432] = 0000000a0000000a : 42949672970
@@@
@@@ mem[63512] = 0000000a0000000a : 42949672970
@@@
@@@ mem[63528] = 0000000200000000 : 8589934592
@@@ mem[63536] = 0000000000000006 : 6
@@@
@@@ mem[63608] = 0000000800000000 : 34359738368
@@@ mem[63616] = 0000000000000001 : 1
@@@
@@@ mem[63632] = fffffffcfffffffe : 18446744060824649726
@@@
@@@ mem[63712] = fffffffbfffffffb : 18446744056529682427
@@@
@@@ mem[63728] = fffffffb00000000 : 18446744052234715136
@@@ mem[63736] = 00000000fffffffb : 4294967291
@@@
@@@ mem[63808] = 0000000300000000 : 12884901888
@@@ mem[63816] = 00000000ffffffff : 4294967295
@@@
@@@ mem[63832] = 0000000000000005 : 5
@@@
@@@ mem[63912] = 0000000800000005 : 34359738373
@@@
@@@ mem[63928] = 0000000900000000 : 38654705664
@@@ mem[63936] = 000000000000000a : 10
@@@
@@@ mem[64008] = 0000000200000000 : 8589934592
@@@ mem[64016] = 00000000fffffffe : 4294967294
@@@
@@@ mem[64032] = 00000003fffffffc : 17179869180
@@@
@@@ mem[64112] = fffffffdffffffff : 18446744065119617023
@@@
@@@ mem[64128] = 0000000400000000 : 17179869184
@@@ mem[64136] = 00000000ffffffff : 4294967295
@@@
@@@ mem[64208] = 0000000500000000 : 21474836480
@@@
@@@ mem[64232] = fffffffcfffffffd : 18446744060824649725
@@@
@@@ mem[64312] = fffffffdffffffff : 18446744065119617023
@@@
@@@ mem[64328] = 0000000400000000 : 17179869184
@@@ mem[64336] = 0000000000000007 : 7
@@@
@@@ mem[64408] = 0000000100000000 : 4294967296
@@@ mem[64416] = 00000000fffffffe : 4294967294
@@@
@@@ mem[64432] = 0000000700000004 : 30064771076
@@@
@@@ mem[64512] = 0000000200000009 : 8589934601
@@@
@@@ mem[64528] = 0000000600000000 : 25769803776
@@@ mem[64536] = 0000000000000008 : 8
@@@
@@@ mem[64608] = 0000000900000000 : 38654705664
@@@ mem[64616] = 0000000000000002 : 2
@@@
@@@ mem[64632] = 0000000000000006 : 6
@@@
@@@ mem[64712] = fffffffcfffffffd : 18446744060824649725
@@@
@@@ mem[64728] = fffffffb00000000 : 18446744052234715136
@@@ mem[64736] = 0000000000000003 : 3
@@@
@@@ mem[64808] = 0000000500000000 : 21474836480
@@@ mem[64816] = 0000000000000008 : 8
@@@
@@@ mem[64832] = 0000000a00000009 : 42949672969
@@@
@@@ mem[64912] = 000000020000000a : 8589934602
@@@
@@@ mem[64928] = fffffffe00000000 : 18446744065119617024
@@@ mem[64936] = 00000000fffffffc : 4294967292
@@@
@@@ mem[65008] = fffffffb00000000 : 18446744052234715136
@@@ mem[65016] = 00000000fffffffb : 4294967291
@@@
@@@ mem[65032] = fffffffbfffffffb : 18446744056529682427
@@@
@@@ mem[65112] = fffffffbfffffffb : 18446744056529682427
@@@
@@@ mem[65128] = fffffffb00000000 : 18446744052234715136
@@@ mem[65136] = 0000000000000003 : 3
@@@
@@@ mem[65208] = 0000000700000000 : 30064771072
@@@ mem[65216] = 0000000000000009 : 9
@@@
@@@ mem[65232] = 0000000600000002 : 25769803778
@@@
@@@ mem[65312] = 000000000000000c : 12
@@@ mem[65320] = 000000000000007c : 124
@@@ mem[65328] = 0000000800000000 : 34359738368
@@@ mem[65336] = fffffffe00000001 : 18446744065119617025
@@@ mem[65344] = fffffffbfffffffc : 18446744056529682428
@@@ mem[65352] = 00000007fffffffb : 34359738363
@@@ mem[65360] = fffffffb0000000a : 18446744052234715146
@@@ mem[65368] = 0000000300000000 : 12884901888
@@@ mem[65376] = 0000000100000007 : 4294967303
@@@ mem[65384] = 00000004fffffffe : 21474836478
@@@ mem[65392] = 0000000600000001 : 25769803777
@@@ mem[65400] = 0000000900000008 : 38654705672
@@@ mem[65408] = 0000000a0000000a : 42949672970
@@@ mem[65416] = 000000020000000a : 8589934602
@@@ mem[65424] = fffffffcfffffffe : 18446744060824649726
@@@ mem[65432] = ffffffff00000003 : 18446744069414584323
@@@ mem[65440] = 0000000000000005 : 5
@@@ mem[65448] = fffffffd00000005 : 18446744060824649733
@@@ mem[65456] = 0000000700000004 : 30064771076
@@@ mem[65464] = 0000000600000001 : 25769803777
@@@ mem[65472] = 0000000500000000 : 21474836480
@@@ mem[65480] = 0000000000000005 : 5
@@@ mem[65488] = 0000000000000002 : 2
@@@ mem[65496] = 0000000200000002 : 8589934594
@@@ mem[65504] = 0000000500000004 : 21474836484
@@@ mem[65512] = 0000000300000005 : 12884901893
@@@
@@@ mem[65528] = 0000009000000000 : 618475290624
@@@
@@             139329620 : System halted
@@
@@@ System halted on WFI instruction
@@@
@@
@@  464429 cycles / 209069 instrs = 2.221415 CPI
@@
@@  13932840.00 ns total time to execute
@@

$finish called from file "test/pipeline_test.sv", line 459.
$finish at simulation time            139330620
           V C S   S i m u l a t i o n   R e p o r t 
Time: 13933062000 ps
CPU Time:     22.790 seconds;       Data structure size:   0.4Mb
Tue May  7 00:14:35 2024
