Info: [VCS_SAVE_RESTORE_INFO] ASLR (Address Space Layout Randomization) is detected on the machine. To enable $save functionality, ASLR will be switched off and simv re-executed.
Please use '-no_save' simv switch to avoid re-execution or '-suppress=ASLR_DETECTED_INFO' to suppress this message.
Chronologic VCS simulator copyright 1991-2023
Contains Synopsys proprietary information.
Compiler version U-2023.03-SP2-1_Full64; Runtime version U-2023.03-SP2-1_Full64;  May  7 00:14 2024
Loading memory file: programs/backtrack.mem
Using writeback output file: output/backtrack.wb
@@
@@
@@                     0  Asserting System reset......
@@
@@                     0 : System STILL at reset, can't show anything
@@
@@
@@                   300 : System STILL at reset, can't show anything
@@
@@
@@                   600 : System STILL at reset, can't show anything
@@
@@
@@                   900 : System STILL at reset, can't show anything
@@
@@                  1060  Deasserting System reset......
@@
@@
@@@ Unified Memory contents hex on left, decimal on right: 
@@@
@@@ mem[    0] = 0000009700000013 : 648540061715
@@@ mem[    8] = 0001011708c08093 : 282673419419795
@@@ mem[   16] = 00010413ff410113 : 285958910050579
@@@ mem[   24] = c681819300001197 : 14303856359865586071
@@@ mem[   32] = 0000029300000213 : 2830383448595
@@@ mem[   40] = 0000039300000313 : 3929895076627
@@@ mem[   48] = 0000051300000493 : 5579162518675
@@@ mem[   56] = 0000061300000593 : 6678674146707
@@@ mem[   64] = 0000071300000693 : 7778185774739
@@@ mem[   72] = 0000081300000793 : 8877697402771
@@@ mem[   80] = 0000091300000893 : 9977209030803
@@@ mem[   88] = 00000a1300000993 : 11076720658835
@@@ mem[   96] = 00000b1300000a93 : 12176232286867
@@@ mem[  104] = 00000c1300000b93 : 13275743914899
@@@ mem[  112] = 00000d1300000c93 : 14375255542931
@@@ mem[  120] = 00000e1300000d93 : 15474767170963
@@@ mem[  128] = 00000f1300000e93 : 16574278798995
@@@ mem[  136] = 3800006f00000f93 : 4035225742865338259
@@@ mem[  144] = f701011300010117 : 17798508383460983063
@@@ mem[  152] = 00000013fea12c23 : 85876354083
@@@ mem[  160] = 0000001310500073 : 81878057075
@@@ mem[  168] = 0000001300000013 : 81604378643
@@@ mem[  176] = 00812e23fe010113 : 36361004115886355
@@@ mem[  184] = fea4262302010413 : 18348832713613575187
@@@ mem[  192] = fec42223feb42423 : 18357835519061402659
@@@ mem[  200] = 0607c263fec42783 : 434529623796361091
@@@ mem[  208] = 00200793fec42703 : 9015531470595843
@@@ mem[  216] = fe84278304e7cc63 : 18339827026236001379
@@@ mem[  224] = fe8427030407c863 : 18339826476465506403
@@@ mem[  232] = 04e7c26300200793 : 353464826231523219
@@@ mem[  240] = 00070793fec42703 : 1978657052829443
@@@ mem[  248] = 00e787b300179793 : 65169922490603411
@@@ mem[  256] = 0007871300279793 : 2118840513697683
@@@ mem[  264] = 00e78733fe442783 : 65169376999122819
@@@ mem[  272] = 00279793fe842783 : 11144185977776003
@@@ mem[  280] = 0007a70300f707b3 : 2153956179904435
@@@ mem[  288] = 00f71663fff00793 : 69548937999026067
@@@ mem[  296] = 0080006f00100793 : 36029273761384339
@@@ mem[  304] = 0007851300000793 : 2116641487849363
@@@ mem[  312] = 0201011301c12403 : 144397844198007811
@@@ mem[  320] = f801011300008067 : 17870565977498878055
@@@ mem[  328] = 06812c2306112e23 : 468704365160508963
@@@ mem[  336] = fe04262308010413 : 18303796717440533523
@@@ mem[  344] = fe04242305c0006f : 18303794518379462767
@@@ mem[  352] = fec4270303c0006f : 18357840874970284143
@@@ mem[  360] = 0017979300070793 : 6640582080792467
@@@ mem[  368] = fe84270300e787b3 : 18339826476413061043
@@@ mem[  376] = 0027979300e787b3 : 11144181722875827
@@@ mem[  384] = 008787b3ff078793 : 38148329003517843
@@@ mem[  392] = fce7aa23fff00713 : 18223721488772499219
@@@ mem[  400] = 00178793fe842783 : 6622994164361091
@@@ mem[  408] = fe842703fef42423 : 18339826480675300387
@@@ mem[  416] = fce7d0e300200793 : 18223764090556254099
@@@ mem[  424] = 00178793fec42783 : 6622994168555395
@@@ mem[  432] = fec42703fef42623 : 18357840879184782883
@@@ mem[  440] = fae7d0e300200793 : 18079648902480398227
@@@ mem[  448] = 48078793000007b7 : 5190266160997730231
@@@ mem[  456] = 0047a8030007a883 : 20169454185326723
@@@ mem[  464] = 00c7a5830087a503 : 56195502433608963
@@@ mem[  472] = 0147a6830107a603 : 92225398972589571
@@@ mem[  480] = 01c7a7830187a703 : 128255295511570179
@@@ mem[  488] = fb042423fb142223 : 18087621740381610531
@@@ mem[  496] = fab42823faa42623 : 18065108140283930147
@@@ mem[  504] = fad42c23fac42a23 : 18074119737587280419
@@@ mem[  512] = fcf42023fae42e23 : 18227228930780442147
@@@ mem[  520] = 4a078793000007b7 : 5334381349073586103
@@@ mem[  528] = 0047a8030007a883 : 20169454185326723
@@@ mem[  536] = 00c7a5830087a503 : 56195502433608963
@@@ mem[  544] = 0147a6830107a603 : 92225398972589571
@@@ mem[  552] = 01c7a7830187a703 : 128255295511570179
@@@ mem[  560] = f9042423f9142223 : 17943506552272200227
@@@ mem[  568] = f8b42823f8a42623 : 17920992952174519843
@@@ mem[  576] = f8d42c23f8c42a23 : 17930004549477870115
@@@ mem[  584] = faf42023f8e42e23 : 18083113742671031843
@@@ mem[  592] = f8440793fc042223 : 17889431951992168995
@@@ mem[  600] = fc440693fa440713 : 18177661228602885907
@@@ mem[  608] = 0000059300100613 : 6128919381523
@@@ mem[  616] = 0000009700000513 : 648540062995
@@@ mem[  624] = 00050793030080e7 : 1415702875504871
@@@ mem[  632] = 0000079300079663 : 8327942084195
@@@ mem[  640] = 001007930080006f : 4511927577346159
@@@ mem[  648] = 07c1208300078513 : 558763575783949587
@@@ mem[  656] = 0801011307812403 : 576743408522044419
@@@ mem[  664] = fc01011300008067 : 18158796353650589799
@@@ mem[  672] = 02812c2302112e23 : 180473988941688355
@@@ mem[  680] = fca42e2304010413 : 18204726321664295955
@@@ mem[  688] = fcc42a23fcb42c23 : 18213729127045016611
@@@ mem[  696] = fce42623fcd42823 : 18222731928255342627
@@@ mem[  704] = fd442703fcf42423 : 18249754488094336035
@@@ mem[  712] = 00f7166300900793 : 69548933714544531
@@@ mem[  720] = 1240006f00100793 : 1315051567934605203
@@@ mem[  728] = 10c0006ffe042623 : 1206965181138347555
@@@ mem[  736] = 00279793fec42783 : 11144185981970307
@@@ mem[  744] = 00f707b3fcc42703 : 69532788868785923
@@@ mem[  752] = fdc427030007a783 : 18285783280869943171
@@@ mem[  760] = fef4242300f707b3 : 18371348512709740467
@@@ mem[  768] = 00279793fec42783 : 11144185981970307
@@@ mem[  776] = 00f707b3fc842703 : 69532788864591619
@@@ mem[  784] = fd8427030007a783 : 18267768882360461187
@@@ mem[  792] = fef4222300f707b3 : 18371346313686484915
@@@ mem[  800] = fe442583fd042603 : 18321810432865871363
@@@ mem[  808] = 00000097fe842503 : 652810134787
@@@ mem[  816] = 00050793d84080e7 : 1415706453246183
@@@ mem[  824] = fe8427030a078263 : 18339826476566151779
@@@ mem[  832] = 0017979300070793 : 6640582080792467
@@@ mem[  840] = 0027979300e787b3 : 11144181722875827
@@@ mem[  848] = fd04278300078713 : 18231740635097302803
@@@ mem[  856] = fe44278300e78733 : 18321812627659392819
@@@ mem[  864] = 00f707b300279793 : 69532784630667155
@@@ mem[  872] = 00e7a023fd442703 : 65196796053563139
@@@ mem[  880] = 00178613fd442783 : 6621344875947907
@@@ mem[  888] = fcc42703fc842783 : 18213725691068032899
@@@ mem[  896] = fe442583fd042683 : 18321810432865871491
@@@ mem[  904] = 00000097fe842503 : 652810134787
@@@ mem[  912] = 00050713f10080e7 : 1415157112668391
@@@ mem[  920] = 00f7166300100793 : 69548933706155923
@@@ mem[  928] = 0540006f00100793 : 378302845441542035
@@@ mem[  936] = 00070793fe842703 : 1978657048635139
@@@ mem[  944] = 00e787b300179793 : 65169922490603411
@@@ mem[  952] = 0007871300279793 : 2118840513697683
@@@ mem[  960] = 00e78733fd042783 : 65169376978151299
@@@ mem[  968] = 00279793fe442783 : 11144185973581699
@@@ mem[  976] = fff0071300f707b3 : 18442248252284143539
@@@ mem[  984] = fec4278300e7a023 : 18357841424678363171
@@@ mem[  992] = fef4262300178793 : 18371350711718348691
@@@ mem[ 1000] = 00700793fec42703 : 31533529607448323
@@@ mem[ 1008] = 00000793eee7d8e3 : 8331949758691
@@@ mem[ 1016] = 03c1208300078513 : 270533199632237843
@@@ mem[ 1024] = 0401011303812403 : 288513032303223811
@@@ mem[ 1032] = ff01011300008067 : 18374969135764373607
@@@ mem[ 1040] = 0081242300112623 : 36350004739253795
@@@ mem[ 1048] = 0000009701010413 : 648556905491
@@@ mem[ 1056] = 00000793d28080e7 : 8331473223911
@@@ mem[ 1064] = 00c1208300078513 : 54360417518454035
@@@ mem[ 1072] = 0101011300812403 : 72340250139108355
@@@ mem[ 1080] = 0000000000008067 : 32871
@@@
@@@ mem[ 1152] = 0000000100000002 : 4294967298
@@@ mem[ 1160] = fffffffeffffffff : 18446744069414584319
@@@ mem[ 1168] = fffffffffffffffe : 18446744073709551614
@@@ mem[ 1176] = 0000000200000001 : 8589934593
@@@ mem[ 1184] = 0000000200000001 : 8589934593
@@@ mem[ 1192] = 0000000100000002 : 4294967298
@@@ mem[ 1200] = fffffffeffffffff : 18446744069414584319
@@@ mem[ 1208] = fffffffffffffffe : 18446744073709551614
@@@
@@@ mem[64848] = 0000ffb400000000 : 281148559196160
@@@ mem[64856] = 0000000400000000 : 17179869184
@@@
@@@ mem[64872] = 0000fdb000000000 : 278932356071424
@@@
@@@ mem[64888] = 0000ff940000ff74 : 281011120308084
@@@ mem[64896] = 000000080000ffb4 : 34359803828
@@@ mem[64904] = 0000000200000001 : 8589934593
@@@
@@@ mem[64920] = 0000000800000004 : 34359738372
@@@
@@@ mem[64936] = 000003940000fdf0 : 3934190108144
@@@
@@@ mem[64952] = 0000ff940000ff74 : 281011120308084
@@@ mem[64960] = 000000070000ffb4 : 30064836532
@@@ mem[64968] = 0000000000000002 : 2
@@@ mem[64976] = 0000ffb400000000 : 281148559196160
@@@ mem[64984] = 00000003ffffffff : 17179869183
@@@
@@@ mem[65000] = 0000fe300000fe30 : 279482111950384
@@@
@@@ mem[65016] = 0000ff940000ff74 : 281011120308084
@@@ mem[65024] = 000000060000ffb4 : 25769869236
@@@ mem[65032] = 0000000100000000 : 4294967296
@@@ mem[65040] = 0000ffb400000000 : 281148559196160
@@@ mem[65048] = 0000000400000001 : 17179869185
@@@
@@@ mem[65064] = 0000fe700000fe70 : 279756989857392
@@@
@@@ mem[65080] = 0000ff940000ff74 : 281011120308084
@@@ mem[65088] = 000000050000ffb4 : 21474901940
@@@ mem[65096] = 0000000200000002 : 8589934594
@@@ mem[65104] = 0000ffb400000000 : 281148559196160
@@@ mem[65112] = 0000000200000000 : 8589934592
@@@
@@@ mem[65128] = 0000feb00000feb0 : 280031867764400
@@@
@@@ mem[65144] = 0000ff940000ff74 : 281011120308084
@@@ mem[65152] = 000000040000ffb4 : 17179934644
@@@ mem[65160] = 0000000000000001 : 1
@@@ mem[65168] = 0000ffb400000000 : 281148559196160
@@@ mem[65176] = 00000004ffffffff : 21474836479
@@@
@@@ mem[65192] = 0000fef00000fef0 : 280306745671408
@@@
@@@ mem[65208] = 0000ff940000ff74 : 281011120308084
@@@ mem[65216] = 000000030000ffb4 : 12884967348
@@@ mem[65224] = 0000000200000000 : 8589934592
@@@ mem[65232] = 0000ffb400000000 : 281148559196160
@@@ mem[65240] = 0000000300000001 : 12884901889
@@@
@@@ mem[65256] = 0000ff300000ff30 : 280581623578416
@@@
@@@ mem[65272] = 0000ff940000ff74 : 281011120308084
@@@ mem[65280] = 000000020000ffb4 : 8590000052
@@@ mem[65288] = 0000000100000002 : 4294967298
@@@ mem[65296] = 0000ffb400000000 : 281148559196160
@@@ mem[65304] = 00000002ffffffff : 12884901887
@@@
@@@ mem[65320] = 0000ff700000ff70 : 280856501485424
@@@
@@@ mem[65336] = 0000ff940000ff74 : 281011120308084
@@@ mem[65344] = 000000010000ffb4 : 4295032756
@@@
@@@ mem[65360] = ffffffff00000000 : 18446744069414584320
@@@ mem[65368] = 0000000800000002 : 34359738370
@@@
@@@ mem[65384] = 000002740000fff0 : 2697239527408
@@@ mem[65392] = 0000000100000000 : 4294967296
@@@ mem[65400] = 0000000200000002 : 8589934594
@@@ mem[65408] = ffffffff00000001 : 18446744069414584321
@@@ mem[65416] = fffffffefffffffe : 18446744069414584318
@@@ mem[65424] = 00000002ffffffff : 12884901887
@@@ mem[65432] = ffffffff00000001 : 18446744069414584321
@@@ mem[65440] = fffffffefffffffe : 18446744069414584318
@@@ mem[65448] = 00000001ffffffff : 8589934591
@@@ mem[65456] = 0000000000000002 : 2
@@@ mem[65464] = ffffffffffffffff : 18446744073709551615
@@@ mem[65472] = ffffffffffffffff : 18446744073709551615
@@@ mem[65480] = ffffffffffffffff : 18446744073709551615
@@@ mem[65488] = ffffffffffffffff : 18446744073709551615
@@@ mem[65496] = 0000000300000003 : 12884901891
@@@
@@@ mem[65512] = 0000042400010000 : 4552665399296
@@@
@@@ mem[65528] = 0000009000000000 : 618475290624
@@@
@@               5847620 : System halted
@@
@@@ System halted on WFI instruction
@@@
@@
@@  19489 cycles / 7202 instrs = 2.706054 CPI
@@
@@  584640.00 ns total time to execute
@@

$finish called from file "test/pipeline_test.sv", line 459.
$finish at simulation time              5848620
           V C S   S i m u l a t i o n   R e p o r t 
Time: 584862000 ps
CPU Time:      1.140 seconds;       Data structure size:   0.4Mb
Tue May  7 00:14:37 2024
