Info: [VCS_SAVE_RESTORE_INFO] ASLR (Address Space Layout Randomization) is detected on the machine. To enable $save functionality, ASLR will be switched off and simv re-executed.
Please use '-no_save' simv switch to avoid re-execution or '-suppress=ASLR_DETECTED_INFO' to suppress this message.
Chronologic VCS simulator copyright 1991-2023
Contains Synopsys proprietary information.
Compiler version U-2023.03-SP2-1_Full64; Runtime version U-2023.03-SP2-1_Full64;  May  7 00:14 2024
Loading memory file: programs/basic_malloc.mem
Using writeback output file: output/basic_malloc.wb
@@
@@
@@                     0  Asserting System reset......
@@
@@                     0 : System STILL at reset, can't show anything
@@
@@
@@                   300 : System STILL at reset, can't show anything
@@
@@
@@                   600 : System STILL at reset, can't show anything
@@
@@
@@                   900 : System STILL at reset, can't show anything
@@
@@                  1060  Deasserting System reset......
@@
@@
@@@ Unified Memory contents hex on left, decimal on right: 
@@@
@@@ mem[    0] = 0000009700000013 : 648540061715
@@@ mem[    8] = 0001011708c08093 : 282673419419795
@@@ mem[   16] = 00010413ff410113 : 285958910050579
@@@ mem[   24] = ec81819300001197 : 17042044933306847639
@@@ mem[   32] = 0000029300000213 : 2830383448595
@@@ mem[   40] = 0000039300000313 : 3929895076627
@@@ mem[   48] = 0000051300000493 : 5579162518675
@@@ mem[   56] = 0000061300000593 : 6678674146707
@@@ mem[   64] = 0000071300000693 : 7778185774739
@@@ mem[   72] = 0000081300000793 : 8877697402771
@@@ mem[   80] = 0000091300000893 : 9977209030803
@@@ mem[   88] = 00000a1300000993 : 11076720658835
@@@ mem[   96] = 00000b1300000a93 : 12176232286867
@@@ mem[  104] = 00000c1300000b93 : 13275743914899
@@@ mem[  112] = 00000d1300000c93 : 14375255542931
@@@ mem[  120] = 00000e1300000d93 : 15474767170963
@@@ mem[  128] = 00000f1300000e93 : 16574278798995
@@@ mem[  136] = 4440006f00000f93 : 4917931269829955475
@@@ mem[  144] = f701011300010117 : 17798508383460983063
@@@ mem[  152] = 00000013fea12c23 : 85876354083
@@@ mem[  160] = 0000001310500073 : 81878057075
@@@ mem[  168] = 0000001300000013 : 81604378643
@@@ mem[  176] = 02112623fd010113 : 148942198690349331
@@@ mem[  184] = 0301041302812423 : 216458736783402019
@@@ mem[  192] = fdc42703fca42e23 : 18285783285108059683
@@@ mem[  200] = 72078793000007b7 : 8216685110590703543
@@@ mem[  208] = 000047b700f76a63 : 78851320801891
@@@ mem[  216] = fdc4270372078793 : 18285783282782537619
@@@ mem[  224] = 0010051300e7f863 : 4509178805090403
@@@ mem[  232] = fa8080e700000097 : 18050569036126748823
@@@ mem[  240] = ff878793fdc42783 : 18412834671214995331
@@@ mem[  248] = 000047b7fef42423 : 78855582000163
@@@ mem[  256] = fef426237287a783 : 18371350713638299523
@@@ mem[  264] = fec4278303c0006f : 18357841424726098031
@@@ mem[  272] = fec427030007a783 : 18357840874907871107
@@@ mem[  280] = fe84270302f76063 : 18339826476447653987
@@@ mem[  288] = 02e7ee63fec42783 : 209398020939458435
@@@ mem[  296] = 0007a783fec42783 : 2154510193796995
@@@ mem[  304] = 02f76663fe842703 : 213752086981256963
@@@ mem[  312] = 0007a783fec42783 : 2154510193796995
@@@ mem[  320] = fe842703fef42623 : 18339826480675300899
@@@ mem[  328] = fce7f0e3fec42783 : 18223799279200511875
@@@ mem[  336] = 0007a783fec42783 : 2154510193796995
@@@ mem[  344] = faf778e3fe842703 : 18084055749352498947
@@@ mem[  352] = 0047a783fe842783 : 20168908699084675
@@@ mem[  360] = fe84270300379793 : 18339826476401530771
@@@ mem[  368] = fec4278300f70733 : 18357841424679372595
@@@ mem[  376] = 02f71e630007a783 : 213672917874485123
@@@ mem[  384] = 0047a703fe842783 : 20168358943270787
@@@ mem[  392] = 0007a783fec42783 : 2154510193796995
@@@ mem[  400] = 00f707330047a783 : 69532234876954499
@@@ mem[  408] = 00e7a223fe842783 : 65198995097790339
@@@ mem[  416] = 0007a783fec42783 : 2154510193796995
@@@ mem[  424] = fe8427830007a703 : 18339827026154202883
@@@ mem[  432] = 0140006f00e7a023 : 90072469303959587
@@@ mem[  440] = 0007a703fec42783 : 2153960437983107
@@@ mem[  448] = 00e7a023fe842783 : 65196796074534787
@@@ mem[  456] = 0047a783fec42783 : 20168908703278979
@@@ mem[  464] = fec4270300379793 : 18357840874911012755
@@@ mem[  472] = fe84270300f707b3 : 18339826476414076851
@@@ mem[  480] = fec4278302f71a63 : 18357841424712931939
@@@ mem[  488] = fe8427830047a703 : 18339827026158397187
@@@ mem[  496] = 00f707330047a783 : 69532234876954499
@@@ mem[  504] = 00e7a223fec42783 : 65198995101984643
@@@ mem[  512] = 0007a703fe842783 : 2153960433788803
@@@ mem[  520] = 00e7a023fec42783 : 65196796078729091
@@@ mem[  528] = fec427830100006f : 18357841424679960687
@@@ mem[  536] = 00e7a023fe842703 : 65196796074534659
@@@ mem[  544] = fec42703000047b7 : 18357840874907387831
@@@ mem[  552] = 0000001372e7a423 : 83532162083
@@@ mem[  560] = 0281240302c12083 : 180465055421243523
@@@ mem[  568] = 0000806703010113 : 141179920384275
@@@ mem[  576] = 02112623fd010113 : 148942198690349331
@@@ mem[  584] = 0301041302812423 : 216458736783402019
@@@ mem[  592] = 000007b7fca42e23 : 8486799027747
@@@ mem[  600] = fdc427037047a783 : 18285783282753185667
@@@ mem[  608] = 0000079300e7f663 : 8327956788835
@@@ mem[  616] = 000007b70700006f : 8482677850223
@@@ mem[  624] = fef426237007a783 : 18371350713596356483
@@@ mem[  632] = 7007a703000007b7 : 8072604488411645879
@@@ mem[  640] = 00f70733fdc42783 : 69532239129749379
@@@ mem[  648] = 70e7a023000007b7 : 8135647324052391863
@@@ mem[  656] = 7047a703000007b7 : 8090618886921127863
@@@ mem[  664] = 40f70733fdc42783 : 4681218257557137283
@@@ mem[  672] = 70e7a223000007b7 : 8135649523075647415
@@@ mem[  680] = ff878713fdc42783 : 18412834121459181443
@@@ mem[  688] = 00e7a223fec42783 : 65198995101984643
@@@ mem[  696] = 00878793fec42783 : 38148191560148867
@@@ mem[  704] = fec42503fef42623 : 18357838680161527331
@@@ mem[  712] = de8080e700000097 : 16032956403064766615
@@@ mem[  720] = 7287a783000047b7 : 8252749023262295991
@@@ mem[  728] = 02c1208300078513 : 198475605594309907
@@@ mem[  736] = 0301011302812403 : 216455438248518659
@@@ mem[  744] = fd01011300008067 : 18230853947688517735
@@@ mem[  752] = 0281242302112623 : 180465192848664099
@@@ mem[  760] = fca42e2303010413 : 18204726321647518739
@@@ mem[  768] = 000047b7fdc42703 : 78855562077955
@@@ mem[  776] = 0000079300e7f663 : 8327956788835
@@@ mem[  784] = fdc4278315c0006f : 18285783830990159983
@@@ mem[  792] = 00078a630037f793 : 2122482647037843
@@@ mem[  800] = ffc7f793fdc42783 : 18430972215026788227
@@@ mem[  808] = fcf42e2300478793 : 18227244319738660755
@@@ mem[  816] = 00878793fdc42783 : 38148191543371651
@@@ mem[  824] = 000047b7fef42223 : 78855581999651
@@@ mem[  832] = fef424237287a783 : 18371348514615043971
@@@ mem[  840] = 02079e63fe842783 : 146259665221855107
@@@ mem[  848] = 72078793000047b7 : 8216685110590719927
@@@ mem[  856] = 000047b7fef42423 : 78855582000163
@@@ mem[  864] = 72e7a423fe842703 : 8279766914444830467
@@@ mem[  872] = 7287a703000047b7 : 8252748473506482103
@@@ mem[  880] = 72078793000047b7 : 8216685110590719927
@@@ mem[  888] = 000047b700e7a023 : 78851319767075
@@@ mem[  896] = 0007a22372078793 : 2148597957625747
@@@ mem[  904] = 0007a783fe842783 : 2154510189602691
@@@ mem[  912] = fec42783fef42623 : 18357841428940596771
@@@ mem[  920] = fdc427030047a783 : 18285783280874137475
@@@ mem[  928] = fec4278308e7e263 : 18357841424812597859
@@@ mem[  936] = fdc427030047a783 : 18285783280874137475
@@@ mem[  944] = fec4278300f71c63 : 18357841424679378019
@@@ mem[  952] = fe8427830007a703 : 18339827026154202883
@@@ mem[  960] = 0400006f00e7a023 : 288230852908261411
@@@ mem[  968] = 0047a703fec42783 : 20168358947465091
@@@ mem[  976] = 40f70733fe442783 : 4681218257565525891
@@@ mem[  984] = 00e7a223fec42783 : 65198995101984643
@@@ mem[  992] = 0047a783fec42783 : 20168908703278979
@@@ mem[ 1000] = fec4270300379793 : 18357840874911012755
@@@ mem[ 1008] = fef4262300f707b3 : 18371350711732996019
@@@ mem[ 1016] = fdc42703fec42783 : 18285783285143709571
@@@ mem[ 1024] = 000047b700e7a223 : 78851319767587
@@@ mem[ 1032] = 72e7a423fe842703 : 8279766914444830467
@@@ mem[ 1040] = 00878793fec42783 : 38148191560148867
@@@ mem[ 1048] = fec42783fef42623 : 18357841428940596771
@@@ mem[ 1056] = 000047b704c0006f : 78851384279151
@@@ mem[ 1064] = fec427037287a783 : 18357840876828862339
@@@ mem[ 1072] = fe44250302f71263 : 18321809878914896483
@@@ mem[ 1080] = e08080e700000097 : 16177071591140622487
@@@ mem[ 1088] = fec42783fea42623 : 18357841428935353891
@@@ mem[ 1096] = 0000079300079663 : 8327942084195
@@@ mem[ 1104] = fec4278301c0006f : 18357841424692543599
@@@ mem[ 1112] = fec42783fef42423 : 18357841428940596259
@@@ mem[ 1120] = fef426230007a783 : 18371350711717308291
@@@ mem[ 1128] = 00078513f2dff06f : 2116645562609775
@@@ mem[ 1136] = 0281240302c12083 : 180465055421243523
@@@ mem[ 1144] = 0000806703010113 : 141179920384275
@@@ mem[ 1152] = 02112623fd010113 : 148942198690349331
@@@ mem[ 1160] = 0301041302812423 : 216458736783402019
@@@ mem[ 1168] = fdc42503fca42e23 : 18285781086084804131
@@@ mem[ 1176] = e54080e700000097 : 16519345162820780183
@@@ mem[ 1184] = fdc42603fea42623 : 18285782185629984291
@@@ mem[ 1192] = fec4250300000593 : 18357838675884115347
@@@ mem[ 1200] = 124080e700000097 : 1315192820817985687
@@@ mem[ 1208] = 00078513fec42783 : 2116645762115459
@@@ mem[ 1216] = 0281240302c12083 : 180465055421243523
@@@ mem[ 1224] = 0000806703010113 : 141179920384275
@@@ mem[ 1232] = 00112e23fe010113 : 4835806724292883
@@@ mem[ 1240] = 0201041300812c23 : 144401142711921699
@@@ mem[ 1248] = 0000009701000513 : 648556840211
@@@ mem[ 1256] = fea42623e08080e7 : 18348832717346472167
@@@ mem[ 1264] = 00c00713fec42783 : 54050977988487043
@@@ mem[ 1272] = fec4278300e7a023 : 18357841424678363171
@@@ mem[ 1280] = 00e7922300600713 : 65181398647965459
@@@ mem[ 1288] = 00100713fec42783 : 4511382087411587
@@@ mem[ 1296] = fec4278300e78323 : 18357841424678355747
@@@ mem[ 1304] = 00e7a42305700713 : 65201189942200083
@@@ mem[ 1312] = 00b00713fec42783 : 49547378361116547
@@@ mem[ 1320] = 0100051300e7a623 : 72063173215626787
@@@ mem[ 1328] = dbc080e700000097 : 15834798019460464791
@@@ mem[ 1336] = fec42503fea42423 : 18357838680156283939
@@@ mem[ 1344] = b70080e700000097 : 13186681438566613143
@@@ mem[ 1352] = 0000009701000513 : 648556840211
@@@ mem[ 1360] = fea42223da0080e7 : 18348828319190909159
@@@ mem[ 1368] = 7d300713fe842783 : 9020717836078950275
@@@ mem[ 1376] = fe44278300e79223 : 18321812627659395619
@@@ mem[ 1384] = 00e792237d400713 : 65181400743020307
@@@ mem[ 1392] = 0000009701000513 : 648556840211
@@@ mem[ 1400] = fea42023f0c080e7 : 18348826120549335271
@@@ mem[ 1408] = 7e300713fe042783 : 9092775430108489603
@@@ mem[ 1416] = fe04278300e79223 : 18303798229149913635
@@@ mem[ 1424] = 000788630067c783 : 2120283626915715
@@@ mem[ 1432] = 0000009700200513 : 648542160147
@@@ mem[ 1440] = fe842503af4080e7 : 18339824280314872039
@@@ mem[ 1448] = b08080e700000097 : 12718307077320081559
@@@ mem[ 1456] = 00000097fe042503 : 652801746179
@@@ mem[ 1464] = 00000793afc080e7 : 8330890215655
@@@ mem[ 1472] = 01c1208300078513 : 126418011556381971
@@@ mem[ 1480] = 0201011301812403 : 144397844193813507
@@@ mem[ 1488] = 00f0031300008067 : 67557374549852263
@@@ mem[ 1496] = 02c37e6300050713 : 199141772201625363
@@@ mem[ 1504] = 0a07906300f77793 : 722705020108634003
@@@ mem[ 1512] = ff06769308059263 : 18376505703398740579
@@@ mem[ 1520] = 00e686b300f67613 : 64887348016870931
@@@ mem[ 1528] = 00b7222300b72023 : 51547454469251107
@@@ mem[ 1536] = 00b7262300b72423 : 51551852515763235
@@@ mem[ 1544] = fed766e301070713 : 18363259130787333907
@@@ mem[ 1552] = 0000806700061463 : 141179870385251
@@@ mem[ 1560] = 0026969340c306b3 : 10861608305886899
@@@ mem[ 1568] = 005686b300000297 : 24354951354385047
@@@ mem[ 1576] = 00b7072300c68067 : 51517767656308839
@@@ mem[ 1584] = 00b7062300b706a3 : 51516668143666851
@@@ mem[ 1592] = 00b7052300b705a3 : 51515568632038819
@@@ mem[ 1600] = 00b7042300b704a3 : 51514469120410787
@@@ mem[ 1608] = 00b7032300b703a3 : 51513369608782755
@@@ mem[ 1616] = 00b7022300b702a3 : 51512270097154723
@@@ mem[ 1624] = 00b7012300b701a3 : 51511170585526691
@@@ mem[ 1632] = 00b7002300b700a3 : 51510071073898659
@@@ mem[ 1640] = 0ff5f59300008067 : 1150095291572060263
@@@ mem[ 1648] = 00d5e5b300859693 : 60206727010031251
@@@ mem[ 1656] = 00d5e5b301059693 : 60206727018419859
@@@ mem[ 1664] = 00279693f6dff06f : 11143086337945711
@@@ mem[ 1672] = 005686b300000297 : 24354951354385047
@@@ mem[ 1680] = fa0680e700008293 : 18016229088968082067
@@@ mem[ 1688] = ff07879300028093 : 18376805869938704531
@@@ mem[ 1696] = 00f6063340f70733 : 69249661473851187
@@@ mem[ 1704] = f3dff06ff6c378e3 : 17573028634695006435
@@@
@@@ mem[ 1792] = 00003fb800000768 : 70059506534248
@@@
@@@ mem[ 1824] = 0000001000004720 : 68719494944
@@@ mem[ 1832] = 000107d40000000c : 290082091171852
@@@ mem[ 1840] = 0000000b00000057 : 47244640343
@@@ mem[ 1848] = 0000001000000750 : 68719478608
@@@ mem[ 1856] = 000007d300000000 : 8602819493888
@@@
@@@ mem[ 1872] = 0000001000004720 : 68719494944
@@@ mem[ 1880] = 000007e300000000 : 8671538970624
@@@
@@@ mem[18208] = 0000000000000738 : 1848
@@@ mem[18216] = 0000000000000738 : 1848
@@@
@@@ mem[65320] = 0000075800000000 : 8074538516480
@@@
@@@ mem[65336] = 0000472000000750 : 78202764527440
@@@
@@@ mem[65352] = 000002d00000ff80 : 3092376518528
@@@
@@@ mem[65368] = 0000001800000000 : 103079215104
@@@
@@@ mem[65384] = 0000075800000738 : 8074538518328
@@@
@@@ mem[65400] = 000004400000ffb0 : 4672924483504
@@@
@@@ mem[65416] = 0000001000000000 : 68719476736
@@@ mem[65424] = 0000001800000000 : 103079215104
@@@ mem[65432] = 0000075800004720 : 8074538534688
@@@
@@@ mem[65448] = 000004a00000ffe0 : 5085241343968
@@@
@@@ mem[65464] = 0000075800000000 : 8074538516480
@@@ mem[65472] = 0000001800000000 : 103079215104
@@@ mem[65480] = 0000073800000750 : 7937099564880
@@@
@@@ mem[65496] = 000005bc00010000 : 6305012056064
@@@ mem[65504] = 0000072800000758 : 7868380088152
@@@ mem[65512] = 0000072800000740 : 7868380088128
@@@
@@@ mem[65528] = 0000009000000000 : 618475290624
@@@
@@                864320 : System halted
@@
@@@ System halted on WFI instruction
@@@
@@
@@  2878 cycles / 944 instrs = 3.048729 CPI
@@
@@  86310.00 ns total time to execute
@@

$finish called from file "test/pipeline_test.sv", line 459.
$finish at simulation time               865320
           V C S   S i m u l a t i o n   R e p o r t 
Time: 86532000 ps
CPU Time:      0.390 seconds;       Data structure size:   0.4Mb
Tue May  7 00:14:38 2024
