Info: [VCS_SAVE_RESTORE_INFO] ASLR (Address Space Layout Randomization) is detected on the machine. To enable $save functionality, ASLR will be switched off and simv re-executed.
Please use '-no_save' simv switch to avoid re-execution or '-suppress=ASLR_DETECTED_INFO' to suppress this message.
Chronologic VCS simulator copyright 1991-2023
Contains Synopsys proprietary information.
Compiler version U-2023.03-SP2-1_Full64; Runtime version U-2023.03-SP2-1_Full64;  May  7 00:14 2024
Loading memory file: programs/bfs.mem
Using writeback output file: output/bfs.wb
@@
@@
@@                     0  Asserting System reset......
@@
@@                     0 : System STILL at reset, can't show anything
@@
@@
@@                   300 : System STILL at reset, can't show anything
@@
@@
@@                   600 : System STILL at reset, can't show anything
@@
@@
@@                   900 : System STILL at reset, can't show anything
@@
@@                  1060  Deasserting System reset......
@@
@@
@@@ Unified Memory contents hex on left, decimal on right: 
@@@
@@@ mem[    0] = 0000009700000013 : 648540061715
@@@ mem[    8] = 0001011708c08093 : 282673419419795
@@@ mem[   16] = 00010413ff410113 : 285958910050579
@@@ mem[   24] = 2881819300001197 : 2918756501872972183
@@@ mem[   32] = 0000029300000213 : 2830383448595
@@@ mem[   40] = 0000039300000313 : 3929895076627
@@@ mem[   48] = 0000051300000493 : 5579162518675
@@@ mem[   56] = 0000061300000593 : 6678674146707
@@@ mem[   64] = 0000071300000693 : 7778185774739
@@@ mem[   72] = 0000081300000793 : 8877697402771
@@@ mem[   80] = 0000091300000893 : 9977209030803
@@@ mem[   88] = 00000a1300000993 : 11076720658835
@@@ mem[   96] = 00000b1300000a93 : 12176232286867
@@@ mem[  104] = 00000c1300000b93 : 13275743914899
@@@ mem[  112] = 00000d1300000c93 : 14375255542931
@@@ mem[  120] = 00000e1300000d93 : 15474767170963
@@@ mem[  128] = 00000f1300000e93 : 16574278798995
@@@ mem[  136] = 7d80006f00000f93 : 9043228528501329811
@@@ mem[  144] = f701011300010117 : 17798508383460983063
@@@ mem[  152] = 00000013fea12c23 : 85876354083
@@@ mem[  160] = 0000001310500073 : 81878057075
@@@ mem[  168] = 0000001300000013 : 81604378643
@@@ mem[  176] = 02112623fd010113 : 148942198690349331
@@@ mem[  184] = 0301041302812423 : 216458736783402019
@@@ mem[  192] = fdc42703fca42e23 : 18285783285108059683
@@@ mem[  200] = b7878793000017b7 : 13224687896226699191
@@@ mem[  208] = 000057b700f76a63 : 96443506846307
@@@ mem[  216] = fdc42703b7878793 : 18285783283948554131
@@@ mem[  224] = 0010051300e7f863 : 4509178805090403
@@@ mem[  232] = fa8080e700000097 : 18050569036126748823
@@@ mem[  240] = ff878793fdc42783 : 18412834671214995331
@@@ mem[  248] = 000057b7fef42423 : 96447768044579
@@@ mem[  256] = fef42623b807a783 : 18371350714804316035
@@@ mem[  264] = fec4278303c0006f : 18357841424726098031
@@@ mem[  272] = fec427030007a783 : 18357840874907871107
@@@ mem[  280] = fe84270302f76063 : 18339826476447653987
@@@ mem[  288] = 02e7ee63fec42783 : 209398020939458435
@@@ mem[  296] = 0007a783fec42783 : 2154510193796995
@@@ mem[  304] = 02f76663fe842703 : 213752086981256963
@@@ mem[  312] = 0007a783fec42783 : 2154510193796995
@@@ mem[  320] = fe842703fef42623 : 18339826480675300899
@@@ mem[  328] = fce7f0e3fec42783 : 18223799279200511875
@@@ mem[  336] = 0007a783fec42783 : 2154510193796995
@@@ mem[  344] = faf778e3fe842703 : 18084055749352498947
@@@ mem[  352] = 0047a783fe842783 : 20168908699084675
@@@ mem[  360] = fe84270300379793 : 18339826476401530771
@@@ mem[  368] = fec4278300f70733 : 18357841424679372595
@@@ mem[  376] = 02f71e630007a783 : 213672917874485123
@@@ mem[  384] = 0047a703fe842783 : 20168358943270787
@@@ mem[  392] = 0007a783fec42783 : 2154510193796995
@@@ mem[  400] = 00f707330047a783 : 69532234876954499
@@@ mem[  408] = 00e7a223fe842783 : 65198995097790339
@@@ mem[  416] = 0007a783fec42783 : 2154510193796995
@@@ mem[  424] = fe8427830007a703 : 18339827026154202883
@@@ mem[  432] = 0140006f00e7a023 : 90072469303959587
@@@ mem[  440] = 0007a703fec42783 : 2153960437983107
@@@ mem[  448] = 00e7a023fe842783 : 65196796074534787
@@@ mem[  456] = 0047a783fec42783 : 20168908703278979
@@@ mem[  464] = fec4270300379793 : 18357840874911012755
@@@ mem[  472] = fe84270300f707b3 : 18339826476414076851
@@@ mem[  480] = fec4278302f71a63 : 18357841424712931939
@@@ mem[  488] = fe8427830047a703 : 18339827026158397187
@@@ mem[  496] = 00f707330047a783 : 69532234876954499
@@@ mem[  504] = 00e7a223fec42783 : 65198995101984643
@@@ mem[  512] = 0007a703fe842783 : 2153960433788803
@@@ mem[  520] = 00e7a023fec42783 : 65196796078729091
@@@ mem[  528] = fec427830100006f : 18357841424679960687
@@@ mem[  536] = 00e7a023fe842703 : 65196796074534659
@@@ mem[  544] = fec42703000057b7 : 18357840874907391927
@@@ mem[  552] = 00000013b8e7a023 : 84706566179
@@@ mem[  560] = 0281240302c12083 : 180465055421243523
@@@ mem[  568] = 0000806703010113 : 141179920384275
@@@ mem[  576] = 02112623fd010113 : 148942198690349331
@@@ mem[  584] = 0301041302812423 : 216458736783402019
@@@ mem[  592] = 000017b7fca42e23 : 26078985072163
@@@ mem[  600] = fdc42703ac47a783 : 18285783283759818627
@@@ mem[  608] = 0000079300e7f663 : 8327956788835
@@@ mem[  616] = 000017b70700006f : 26074863894639
@@@ mem[  624] = fef42623ac07a783 : 18371350714602989443
@@@ mem[  632] = ac07a703000017b7 : 12396060130687326135
@@@ mem[  640] = 00f70733fdc42783 : 69532239129749379
@@@ mem[  648] = ace7a023000017b7 : 12459102966328072119
@@@ mem[  656] = ac47a703000017b7 : 12414074529196808119
@@@ mem[  664] = 40f70733fdc42783 : 4681218257557137283
@@@ mem[  672] = ace7a223000017b7 : 12459105165351327671
@@@ mem[  680] = ff878713fdc42783 : 18412834121459181443
@@@ mem[  688] = 00e7a223fec42783 : 65198995101984643
@@@ mem[  696] = 00878793fec42783 : 38148191560148867
@@@ mem[  704] = fec42503fef42623 : 18357838680161527331
@@@ mem[  712] = de8080e700000097 : 16032956403064766615
@@@ mem[  720] = b807a783000057b7 : 13260751808898291639
@@@ mem[  728] = 02c1208300078513 : 198475605594309907
@@@ mem[  736] = 0301011302812403 : 216455438248518659
@@@ mem[  744] = fd01011300008067 : 18230853947688517735
@@@ mem[  752] = 0281242302112623 : 180465192848664099
@@@ mem[  760] = fca42e2303010413 : 18204726321647518739
@@@ mem[  768] = 000047b7fdc42703 : 78855562077955
@@@ mem[  776] = 0000079300e7f663 : 8327956788835
@@@ mem[  784] = fdc4278315c0006f : 18285783830990159983
@@@ mem[  792] = 00078a630037f793 : 2122482647037843
@@@ mem[  800] = ffc7f793fdc42783 : 18430972215026788227
@@@ mem[  808] = fcf42e2300478793 : 18227244319738660755
@@@ mem[  816] = 00878793fdc42783 : 38148191543371651
@@@ mem[  824] = 000057b7fef42223 : 96447768044067
@@@ mem[  832] = fef42423b807a783 : 18371348515781060483
@@@ mem[  840] = 02079e63fe842783 : 146259665221855107
@@@ mem[  848] = b7878793000057b7 : 13224687896226715575
@@@ mem[  856] = 000057b7fef42423 : 96447768044579
@@@ mem[  864] = b8e7a023fe842703 : 13323794099053274883
@@@ mem[  872] = b807a703000057b7 : 13260751259142477751
@@@ mem[  880] = b7878793000057b7 : 13224687896226715575
@@@ mem[  888] = 000057b700e7a023 : 96443505811491
@@@ mem[  896] = 0007a223b7878793 : 2148599123642259
@@@ mem[  904] = 0007a783fe842783 : 2154510189602691
@@@ mem[  912] = fec42783fef42623 : 18357841428940596771
@@@ mem[  920] = fdc427030047a783 : 18285783280874137475
@@@ mem[  928] = fec4278308e7e263 : 18357841424812597859
@@@ mem[  936] = fdc427030047a783 : 18285783280874137475
@@@ mem[  944] = fec4278300f71c63 : 18357841424679378019
@@@ mem[  952] = fe8427830007a703 : 18339827026154202883
@@@ mem[  960] = 0400006f00e7a023 : 288230852908261411
@@@ mem[  968] = 0047a703fec42783 : 20168358947465091
@@@ mem[  976] = 40f70733fe442783 : 4681218257565525891
@@@ mem[  984] = 00e7a223fec42783 : 65198995101984643
@@@ mem[  992] = 0047a783fec42783 : 20168908703278979
@@@ mem[ 1000] = fec4270300379793 : 18357840874911012755
@@@ mem[ 1008] = fef4262300f707b3 : 18371350711732996019
@@@ mem[ 1016] = fdc42703fec42783 : 18285783285143709571
@@@ mem[ 1024] = 000057b700e7a223 : 96443505812003
@@@ mem[ 1032] = b8e7a023fe842703 : 13323794099053274883
@@@ mem[ 1040] = 00878793fec42783 : 38148191560148867
@@@ mem[ 1048] = fec42783fef42623 : 18357841428940596771
@@@ mem[ 1056] = 000057b704c0006f : 96443570323567
@@@ mem[ 1064] = fec42703b807a783 : 18357840877994878851
@@@ mem[ 1072] = fe44250302f71263 : 18321809878914896483
@@@ mem[ 1080] = e08080e700000097 : 16177071591140622487
@@@ mem[ 1088] = fec42783fea42623 : 18357841428935353891
@@@ mem[ 1096] = 0000079300079663 : 8327942084195
@@@ mem[ 1104] = fec4278301c0006f : 18357841424692543599
@@@ mem[ 1112] = fec42783fef42423 : 18357841428940596259
@@@ mem[ 1120] = fef426230007a783 : 18371350711717308291
@@@ mem[ 1128] = 00078513f2dff06f : 2116645562609775
@@@ mem[ 1136] = 0281240302c12083 : 180465055421243523
@@@ mem[ 1144] = 0000806703010113 : 141179920384275
@@@ mem[ 1152] = 02112623fd010113 : 148942198690349331
@@@ mem[ 1160] = 0301041302812423 : 216458736783402019
@@@ mem[ 1168] = fdc42503fca42e23 : 18285781086084804131
@@@ mem[ 1176] = e54080e700000097 : 16519345162820780183
@@@ mem[ 1184] = fdc42603fea42623 : 18285782185629984291
@@@ mem[ 1192] = fec4250300000593 : 18357838675884115347
@@@ mem[ 1200] = 4ec080e700000097 : 5674677260112625815
@@@ mem[ 1208] = 00078513fec42783 : 2116645762115459
@@@ mem[ 1216] = 0281240302c12083 : 180465055421243523
@@@ mem[ 1224] = 0000806703010113 : 141179920384275
@@@ mem[ 1232] = 00812e23fe010113 : 36361004115886355
@@@ mem[ 1240] = fea4262302010413 : 18348832713613575187
@@@ mem[ 1248] = ac87a783000017b7 : 12432089477462103991
@@@ mem[ 1256] = 000017b700178713 : 26074747995923
@@@ mem[ 1264] = 000017b7ace7a423 : 26077647316003
@@@ mem[ 1272] = 00001737ac87a783 : 25527885211523
@@@ mem[ 1280] = 00279793aec70713 : 11144184639981331
@@@ mem[ 1288] = fec4270300f707b3 : 18357840874923558835
@@@ mem[ 1296] = 000017b700e7a023 : 26074761633827
@@@ mem[ 1304] = 00178713ae47a783 : 6622443062404995
@@@ mem[ 1312] = aee7a223000017b7 : 12603220353427183543
@@@ mem[ 1320] = 01c1240300000013 : 126421859846586387
@@@ mem[ 1328] = 0000806702010113 : 141179903607059
@@@ mem[ 1336] = 00812623ff010113 : 36352208039641363
@@@ mem[ 1344] = 000017b701010413 : 26074763297811
@@@ mem[ 1352] = fff78713ae47a783 : 18444359317517215619
@@@ mem[ 1360] = aee7a223000017b7 : 12603220353427183543
@@@ mem[ 1368] = ae07a783000017b7 : 12540175868518995895
@@@ mem[ 1376] = 0000173700178693 : 25524992181907
@@@ mem[ 1384] = 00001737aed72023 : 25527923974179
@@@ mem[ 1392] = 00279793aec70713 : 11144184639981331
@@@ mem[ 1400] = 0007a78300f707b3 : 2154505935718323
@@@ mem[ 1408] = 00c1240300078513 : 54364265809151251
@@@ mem[ 1416] = 0000806701010113 : 141179886829843
@@@ mem[ 1424] = 00812623ff010113 : 36352208039641363
@@@ mem[ 1432] = 000017b701010413 : 26074763297811
@@@ mem[ 1440] = 0017b793ae47a783 : 6675769376352131
@@@ mem[ 1448] = 000785130ff7f793 : 2116641755756435
@@@ mem[ 1456] = 0101011300c12403 : 72340250143302659
@@@ mem[ 1464] = fd01011300008067 : 18230853947688517735
@@@ mem[ 1472] = 0281242302112623 : 180465192848664099
@@@ mem[ 1480] = 0005079303010413 : 1415702875538451
@@@ mem[ 1488] = 00200513fcf40fa3 : 9012782661111715
@@@ mem[ 1496] = d14080e700000097 : 15078193282062221463
@@@ mem[ 1504] = fec42783fea42623 : 18357841428935353891
@@@ mem[ 1512] = 00e78023fdf44703 : 65161611693016835
@@@ mem[ 1520] = 000780a3fec42783 : 2111766679267203
@@@ mem[ 1528] = ae87a783000017b7 : 12576204665537959863
@@@ mem[ 1536] = 0000173700178693 : 25524992181907
@@@ mem[ 1544] = 00001737aed72423 : 25527923975203
@@@ mem[ 1552] = 00279793b0070713 : 11144184660952851
@@@ mem[ 1560] = fec4270300f707b3 : 18357840874923558835
@@@ mem[ 1568] = 0000001300e7a023 : 81619558435
@@@ mem[ 1576] = 0281240302c12083 : 180465055421243523
@@@ mem[ 1584] = 0000806703010113 : 141179920384275
@@@ mem[ 1592] = 00812e23fe010113 : 36361004115886355
@@@ mem[ 1600] = fea4262302010413 : 18348832713613575187
@@@ mem[ 1608] = 000017b7feb42423 : 26079019672611
@@@ mem[ 1616] = fec42703b1478693 : 18357840877881624211
@@@ mem[ 1624] = 0027979300070793 : 11144181708162963
@@@ mem[ 1632] = fe84270300e787b3 : 18339826476413061043
@@@ mem[ 1640] = 0027979300e787b3 : 11144181722875827
@@@ mem[ 1648] = 0010071300f687b3 : 4511377829300147
@@@ mem[ 1656] = 000017b700e7a023 : 26074761633827
@@@ mem[ 1664] = fe842703b1478693 : 18339826479372142227
@@@ mem[ 1672] = 0027979300070793 : 11144181708162963
@@@ mem[ 1680] = fec4270300e787b3 : 18357840874922543027
@@@ mem[ 1688] = 0027979300e787b3 : 11144181722875827
@@@ mem[ 1696] = 0010071300f687b3 : 4511377829300147
@@@ mem[ 1704] = 0000001300e7a023 : 81619558435
@@@ mem[ 1712] = 0201011301c12403 : 144397844198007811
@@@ mem[ 1720] = fd01011300008067 : 18230853947688517735
@@@ mem[ 1728] = 0301041302812623 : 216458736783402531
@@@ mem[ 1736] = fe042623fca42e23 : 18303796721544867363
@@@ mem[ 1744] = 000017b70740006f : 26074868088943
@@@ mem[ 1752] = fdc42703b1478693 : 18285783283843696275
@@@ mem[ 1760] = 0027979300070793 : 11144181708162963
@@@ mem[ 1768] = fec4270300e787b3 : 18357840874922543027
@@@ mem[ 1776] = 0027979300e787b3 : 11144181722875827
@@@ mem[ 1784] = 0007a70300f687b3 : 2153956179871667
@@@ mem[ 1792] = 02f71a6300100793 : 213668519828522899
@@@ mem[ 1800] = b0078713000017b7 : 12684255391186425783
@@@ mem[ 1808] = 00279793fec42783 : 11144185981970307
@@@ mem[ 1816] = 0007a78300f707b3 : 2154505935718323
@@@ mem[ 1824] = 0017c7930017c783 : 6693358640023427
@@@ mem[ 1832] = 000786630ff7f793 : 2118084864767891
@@@ mem[ 1840] = 0240006ffec42783 : 162130067600975747
@@@ mem[ 1848] = 00178793fec42783 : 6622994168555395
@@@ mem[ 1856] = 000017b7fef42623 : 26079023867427
@@@ mem[ 1864] = fec42703ae87a783 : 18357840877835495299
@@@ mem[ 1872] = fff00793f8f742e3 : 18442248806200722147
@@@ mem[ 1880] = 02c1240300078513 : 198479453885007123
@@@ mem[ 1888] = 0000806703010113 : 141179920384275
@@@ mem[ 1896] = 00112e23fe010113 : 4835806724292883
@@@ mem[ 1904] = 0201041300812c23 : 144401142711921699
@@@ mem[ 1912] = b0078793000017b7 : 12684255940942239671
@@@ mem[ 1920] = 001007130007a783 : 4511377813645187
@@@ mem[ 1928] = 0000051300e780a3 : 5579177689251
@@@ mem[ 1936] = d40080e700000097 : 15276351665666523287
@@@ mem[ 1944] = 0000009705c0006f : 648636530799
@@@ mem[ 1952] = fea42423d9c080e7 : 18348830518209970407
@@@ mem[ 1960] = 000017b70300006f : 26074796785775
@@@ mem[ 1968] = fe442783b0078713 : 18321812630597502739
@@@ mem[ 1976] = 00f707b300279793 : 69532784630667155
@@@ mem[ 1984] = 001007130007a783 : 4511377813645187
@@@ mem[ 1992] = fe44250300e780a3 : 18321809878880321699
@@@ mem[ 2000] = d00080e700000097 : 14988121289514811543
@@@ mem[ 2008] = 00000097fe842503 : 652810134787
@@@ mem[ 2016] = fea42223ee0080e7 : 18348828319526453479
@@@ mem[ 2024] = fff00793fe442703 : 18442248806289647363
@@@ mem[ 2032] = 00000097faf71ee3 : 652750560995
@@@ mem[ 2040] = 00050793d9c080e7 : 1415706478412007
@@@ mem[ 2048] = 0ff7f7930017c793 : 1150660440550262675
@@@ mem[ 2056] = fe042623f8079ae3 : 18303796721467497187
@@@ mem[ 2064] = 000017b702c0006f : 26074792591471
@@@ mem[ 2072] = fec42783b0078713 : 18357841427616466707
@@@ mem[ 2080] = 00f707b300279793 : 69532784630667155
@@@ mem[ 2088] = 000780a30007a783 : 2111762405500803
@@@ mem[ 2096] = 00178793fec42783 : 6622994168555395
@@@ mem[ 2104] = 000017b7fef42623 : 26079023867427
@@@ mem[ 2112] = fec42703ae87a783 : 18357840877835495299
@@@ mem[ 2120] = 00000013fcf746e3 : 85848442595
@@@ mem[ 2128] = 01c1208300000013 : 126418011555889171
@@@ mem[ 2136] = 0201011301812403 : 144397844193813507
@@@ mem[ 2144] = fe01011300008067 : 18302911541726445671
@@@ mem[ 2152] = 00812c2300112e23 : 36358800832278051
@@@ mem[ 2160] = fe04262302010413 : 18303796717339870227
@@@ mem[ 2168] = fe04242305c0006f : 18303794518379462767
@@@ mem[ 2176] = 000017b703c0006f : 26074809368687
@@@ mem[ 2184] = fec42703b1478693 : 18357840877881624211
@@@ mem[ 2192] = 0027979300070793 : 11144181708162963
@@@ mem[ 2200] = fe84270300e787b3 : 18339826476413061043
@@@ mem[ 2208] = 0027979300e787b3 : 11144181722875827
@@@ mem[ 2216] = 0007a02300f687b3 : 2146397037430707
@@@ mem[ 2224] = 00178793fe842783 : 6622994164361091
@@@ mem[ 2232] = fe842703fef42423 : 18339826480675300387
@@@ mem[ 2240] = fce7d0e300400793 : 18223764090558351251
@@@ mem[ 2248] = 00178793fec42783 : 6622994168555395
@@@ mem[ 2256] = fec42703fef42623 : 18357840879184782883
@@@ mem[ 2264] = fae7d0e300400793 : 18079648902482495379
@@@ mem[ 2272] = 0000009705300513 : 648627094803
@@@ mem[ 2280] = 04100513cd8080e7 : 292739558389350631
@@@ mem[ 2288] = ccc080e700000097 : 14753934108891545751
@@@ mem[ 2296] = 0000009704200513 : 648609269011
@@@ mem[ 2304] = 04300513cc0080e7 : 301746757618925799
@@@ mem[ 2312] = cb4080e700000097 : 14645847717834653847
@@@ mem[ 2320] = 0000009704400513 : 648611366163
@@@ mem[ 2328] = 00100593ca8080e7 : 4509731943121127
@@@ mem[ 2336] = 0000009700000513 : 648540062995
@@@ mem[ 2344] = 00200593d14080e7 : 9013331683737831
@@@ mem[ 2352] = 0000009700000513 : 648540062995
@@@ mem[ 2360] = 00300593d04080e7 : 13516931294331111
@@@ mem[ 2368] = 0000009700000513 : 648540062995
@@@ mem[ 2376] = 00400593cf4080e7 : 18020530904924391
@@@ mem[ 2384] = 0000009700100513 : 648541111571
@@@ mem[ 2392] = 00400593ce4080e7 : 18020530888147175
@@@ mem[ 2400] = 0000009700200513 : 648542160147
@@@ mem[ 2408] = 00400593cd4080e7 : 18020530871369959
@@@ mem[ 2416] = 0000009700300513 : 648543208723
@@@ mem[ 2424] = 00000097cc4080e7 : 651966841063
@@@ mem[ 2432] = 00000793dec080e7 : 8331678744807
@@@ mem[ 2440] = 01c1208300078513 : 126418011556381971
@@@ mem[ 2448] = 0201011301812403 : 144397844193813507
@@@ mem[ 2456] = 00f0031300008067 : 67557374549852263
@@@ mem[ 2464] = 02c37e6300050713 : 199141772201625363
@@@ mem[ 2472] = 0a07906300f77793 : 722705020108634003
@@@ mem[ 2480] = ff06769308059263 : 18376505703398740579
@@@ mem[ 2488] = 00e686b300f67613 : 64887348016870931
@@@ mem[ 2496] = 00b7222300b72023 : 51547454469251107
@@@ mem[ 2504] = 00b7262300b72423 : 51551852515763235
@@@ mem[ 2512] = fed766e301070713 : 18363259130787333907
@@@ mem[ 2520] = 0000806700061463 : 141179870385251
@@@ mem[ 2528] = 0026969340c306b3 : 10861608305886899
@@@ mem[ 2536] = 005686b300000297 : 24354951354385047
@@@ mem[ 2544] = 00b7072300c68067 : 51517767656308839
@@@ mem[ 2552] = 00b7062300b706a3 : 51516668143666851
@@@ mem[ 2560] = 00b7052300b705a3 : 51515568632038819
@@@ mem[ 2568] = 00b7042300b704a3 : 51514469120410787
@@@ mem[ 2576] = 00b7032300b703a3 : 51513369608782755
@@@ mem[ 2584] = 00b7022300b702a3 : 51512270097154723
@@@ mem[ 2592] = 00b7012300b701a3 : 51511170585526691
@@@ mem[ 2600] = 00b7002300b700a3 : 51510071073898659
@@@ mem[ 2608] = 0ff5f59300008067 : 1150095291572060263
@@@ mem[ 2616] = 00d5e5b300859693 : 60206727010031251
@@@ mem[ 2624] = 00d5e5b301059693 : 60206727018419859
@@@ mem[ 2632] = 00279693f6dff06f : 11143086337945711
@@@ mem[ 2640] = 005686b300000297 : 24354951354385047
@@@ mem[ 2648] = fa0680e700008293 : 18016229088968082067
@@@ mem[ 2656] = ff07879300028093 : 18376805869938704531
@@@ mem[ 2664] = 00f6063340f70733 : 69249661473851187
@@@ mem[ 2672] = f3dff06ff6c378e3 : 17573028634695006435
@@@
@@@ mem[ 2752] = 00003fc400000bb4 : 70111046142900
@@@ mem[ 2760] = 0000000000000004 : 4
@@@
@@@ mem[ 2784] = 0000000000000005 : 5
@@@ mem[ 2792] = 0000000000000005 : 5
@@@ mem[ 2800] = 0000000200000001 : 8589934593
@@@ mem[ 2808] = 0000000400000003 : 17179869187
@@@ mem[ 2816] = 00000b8c00000b80 : 12695923329920
@@@ mem[ 2824] = 00000ba400000b98 : 12799002545048
@@@ mem[ 2832] = 0000000000000bb0 : 2992
@@@ mem[ 2840] = 0000000100000001 : 4294967297
@@@ mem[ 2848] = 0000000000000001 : 1
@@@ mem[ 2856] = 0000000000000001 : 1
@@@
@@@ mem[ 2872] = 0000000100000001 : 4294967297
@@@
@@@ mem[ 2888] = 0000000100000000 : 4294967296
@@@ mem[ 2896] = 0000000000000001 : 1
@@@
@@@ mem[ 2912] = 0000000000000001 : 1
@@@ mem[ 2920] = 0000000100000001 : 4294967297
@@@ mem[ 2928] = 0000000000000001 : 1
@@@ mem[ 2936] = 0000000400004b78 : 17179888504
@@@ mem[ 2944] = 00004b7800000053 : 82978768158803
@@@ mem[ 2952] = 0000004100000004 : 279172874244
@@@ mem[ 2960] = 0000000400004b78 : 17179888504
@@@ mem[ 2968] = 00004b7800000042 : 82978768158786
@@@ mem[ 2976] = 0000004300000004 : 287762808836
@@@ mem[ 2984] = 0000000400004b78 : 17179888504
@@@ mem[ 2992] = 0000000000000044 : 68
@@@
@@@ mem[19320] = 0000000000004b78 : 19320
@@@ mem[19328] = 0000000000004b78 : 19320
@@@
@@@ mem[65320] = 00000bb000000000 : 12850542149632
@@@
@@@ mem[65336] = 00004b7800000ba8 : 82978768161704
@@@
@@@ mem[65352] = 000002d00000ff80 : 3092376518528
@@@
@@@ mem[65368] = 0000000c00000000 : 51539607552
@@@
@@@ mem[65384] = 00000bb000000000 : 12850542149632
@@@
@@@ mem[65400] = 000004400000ffb0 : 4672924483504
@@@
@@@ mem[65416] = 0000000400000000 : 17179869184
@@@ mem[65424] = 0000000c00000000 : 51539607552
@@@ mem[65432] = 0000000400004b78 : 17179888504
@@@
@@@ mem[65448] = 000000050000ffe0 : 21474901984
@@@
@@@ mem[65464] = 0000ffe000000000 : 281337537757184
@@@ mem[65472] = ffffffff00000000 : 18446744069414584320
@@@ mem[65480] = 0000000500000004 : 21474836484
@@@
@@@ mem[65496] = 0000098400010000 : 10462540398592
@@@
@@@ mem[65512] = 0000000500000005 : 21474836485
@@@
@@@ mem[65528] = 0000009000000000 : 618475290624
@@@
@@               2580020 : System halted
@@
@@@ System halted on WFI instruction
@@@
@@
@@  8597 cycles / 3484 instrs = 2.467566 CPI
@@
@@  257880.00 ns total time to execute
@@

$finish called from file "test/pipeline_test.sv", line 459.
$finish at simulation time              2581020
           V C S   S i m u l a t i o n   R e p o r t 
Time: 258102000 ps
CPU Time:      0.670 seconds;       Data structure size:   0.4Mb
Tue May  7 00:14:39 2024
