Info: [VCS_SAVE_RESTORE_INFO] ASLR (Address Space Layout Randomization) is detected on the machine. To enable $save functionality, ASLR will be switched off and simv re-executed.
Please use '-no_save' simv switch to avoid re-execution or '-suppress=ASLR_DETECTED_INFO' to suppress this message.
Chronologic VCS simulator copyright 1991-2023
Contains Synopsys proprietary information.
Compiler version U-2023.03-SP2-1_Full64; Runtime version U-2023.03-SP2-1_Full64;  May  7 00:12 2024
Loading memory file: programs/fib_no_loop.mem
Using writeback output file: output/fib_no_loop.wb
@@
@@
@@                     0  Asserting System reset......
@@
@@                     0 : System STILL at reset, can't show anything
@@
@@
@@                   300 : System STILL at reset, can't show anything
@@
@@
@@                   600 : System STILL at reset, can't show anything
@@
@@
@@                   900 : System STILL at reset, can't show anything
@@
@@                  1060  Deasserting System reset......
@@
@@
@@@ Unified Memory contents hex on left, decimal on right: 
@@@
@@@ mem[    0] = 000012b700001237 : 20577188319799
@@@ mem[    8] = 0000133700828293 : 21126952682131
@@@ mem[   16] = 0020051301030313 : 9012778434233107
@@@ mem[   24] = 0010019300100113 : 4505330500239635
@@@ mem[   32] = 00820213002181b3 : 36594027602215347
@@@ mem[   40] = 0015051300828293 : 5916553681994387
@@@ mem[   48] = 0083031301052593 : 36876602105472403
@@@ mem[   56] = 0000000010500073 : 273678451
@@@
@@@
@@                  8120 : System halted
@@
@@@ System halted on WFI instruction
@@@
@@
@@  24 cycles / 15 instrs = 1.600000 CPI
@@
@@  690.00 ns total time to execute
@@

$finish called from file "test/pipeline_test.sv", line 459.
$finish at simulation time                 9120
           V C S   S i m u l a t i o n   R e p o r t 
Time: 912000 ps
CPU Time:      0.270 seconds;       Data structure size:   0.4Mb
Tue May  7 00:12:38 2024
