Info: [VCS_SAVE_RESTORE_INFO] ASLR (Address Space Layout Randomization) is detected on the machine. To enable $save functionality, ASLR will be switched off and simv re-executed.
Please use '-no_save' simv switch to avoid re-execution or '-suppress=ASLR_DETECTED_INFO' to suppress this message.
Chronologic VCS simulator copyright 1991-2023
Contains Synopsys proprietary information.
Compiler version U-2023.03-SP2-1_Full64; Runtime version U-2023.03-SP2-1_Full64;  May  7 00:12 2024
Loading memory file: programs/hazard.mem
Using writeback output file: output/hazard.wb
@@
@@
@@                     0  Asserting System reset......
@@
@@                     0 : System STILL at reset, can't show anything
@@
@@
@@                   300 : System STILL at reset, can't show anything
@@
@@
@@                   600 : System STILL at reset, can't show anything
@@
@@
@@                   900 : System STILL at reset, can't show anything
@@
@@                  1060  Deasserting System reset......
@@
@@
@@@ Unified Memory contents hex on left, decimal on right: 
@@@
@@@ mem[    0] = 0020012600400213 : 9008461979320851
@@@ mem[    8] = 0002208300200113 : 598696968323347
@@@ mem[   16] = 00322023021101b3 : 14109083566145971
@@@ mem[   24] = 021101b300022083 : 148902130990850179
@@@ mem[   32] = 1050007310322023 : 1175439996936658979
@@@
@@@ mem[  256] = 0040024c00000000 : 18016923950252032
@@@
@@@
@@                 12920 : System halted
@@
@@@ System halted on WFI instruction
@@@
@@
@@  40 cycles / 10 instrs = 4.000000 CPI
@@
@@  1170.00 ns total time to execute
@@

$finish called from file "test/pipeline_test.sv", line 459.
$finish at simulation time                13920
           V C S   S i m u l a t i o n   R e p o r t 
Time: 1392000 ps
CPU Time:      0.270 seconds;       Data structure size:   0.4Mb
Tue May  7 00:12:47 2024
