Info: [VCS_SAVE_RESTORE_INFO] ASLR (Address Space Layout Randomization) is detected on the machine. To enable $save functionality, ASLR will be switched off and simv re-executed.
Please use '-no_save' simv switch to avoid re-execution or '-suppress=ASLR_DETECTED_INFO' to suppress this message.
Chronologic VCS simulator copyright 1991-2023
Contains Synopsys proprietary information.
Compiler version U-2023.03-SP2-1_Full64; Runtime version U-2023.03-SP2-1_Full64;  May  7 00:12 2024
Loading memory file: programs/parallel.mem
Using writeback output file: output/parallel.wb
@@
@@
@@                     0  Asserting System reset......
@@
@@                     0 : System STILL at reset, can't show anything
@@
@@
@@                   300 : System STILL at reset, can't show anything
@@
@@
@@                   600 : System STILL at reset, can't show anything
@@
@@
@@                   900 : System STILL at reset, can't show anything
@@
@@                  1060  Deasserting System reset......
@@
@@
@@@ Unified Memory contents hex on left, decimal on right: 
@@@
@@@ mem[    0] = 000181b700100893 : 424097956759699
@@@ mem[    8] = 000012376a018193 : 20029210984851
@@@ mem[   16] = 003184b300318333 : 13938178196079411
@@@ mem[   24] = 0231a2b300318433 : 158086351620768819
@@@ mem[   32] = 02941533026283b3 : 185796793456559027
@@@ mem[   40] = 0072202302a3b5b3 : 32123482085242291
@@@ mem[   48] = 0018889300820213 : 6905564391146003
@@@ mem[   56] = 0108a1133e818193 : 74486497876738451
@@@ mem[   64] = 10500073fc0118e3 : 1175440000892868835
@@@
@@@ mem[ 4096] = 0000000000061a80 : 400000
@@@ mem[ 4104] = 0000000000062a20 : 404000
@@@ mem[ 4112] = 00000000000639c0 : 408000
@@@ mem[ 4120] = 0000000000064960 : 412000
@@@ mem[ 4128] = 0000000000065900 : 416000
@@@ mem[ 4136] = 00000000000668a0 : 420000
@@@ mem[ 4144] = 0000000000067840 : 424000
@@@ mem[ 4152] = 00000000000687e0 : 428000
@@@ mem[ 4160] = 0000000000069780 : 432000
@@@ mem[ 4168] = 000000000006a720 : 436000
@@@ mem[ 4176] = 000000000006b6c0 : 440000
@@@ mem[ 4184] = 000000000006c660 : 444000
@@@ mem[ 4192] = 000000000006d600 : 448000
@@@ mem[ 4200] = 000000000006e5a0 : 452000
@@@ mem[ 4208] = 00000000000a6fe0 : 684000
@@@
@@@
@@                164420 : System halted
@@
@@@ System halted on WFI instruction
@@@
@@
@@  545 cycles / 199 instrs = 2.738693 CPI
@@
@@  16320.00 ns total time to execute
@@

$finish called from file "test/pipeline_test.sv", line 459.
$finish at simulation time               165420
           V C S   S i m u l a t i o n   R e p o r t 
Time: 16542000 ps
CPU Time:      0.290 seconds;       Data structure size:   0.4Mb
Tue May  7 00:12:56 2024
